<?xml version="1.0" encoding="utf-8"?><testsuites name="pytest tests"><testsuite name="pytest" errors="0" failures="0" skipped="0" tests="11" time="2.252" timestamp="2026-04-22T16:47:14.093529+00:00" hostname="agent-env-3e3bc150-8ec2-431a-bef0-ce3509db545e"><testcase classname="backend.tests.test_admin_config.TestGetConfig" name="test_admin_can_get_config" time="0.552" /><testcase classname="backend.tests.test_admin_config.TestGetConfig" name="test_pmo_forbidden" time="0.464" /><testcase classname="backend.tests.test_admin_config.TestGetConfig" name="test_unauthenticated_forbidden" time="0.106" /><testcase classname="backend.tests.test_admin_config.TestModulesUpdate" name="test_disable_safe_module" time="0.117" /><testcase classname="backend.tests.test_admin_config.TestModulesUpdate" name="test_safe_trains_returns_403_when_disabled" time="0.148" /><testcase classname="backend.tests.test_admin_config.TestModulesUpdate" name="test_re_enable_safe_module" time="0.170" /><testcase classname="backend.tests.test_admin_config.TestThresholdsUpdate" name="test_update_thresholds" time="0.154" /><testcase classname="backend.tests.test_admin_config.TestHolidaysUpdate" name="test_update_holidays" time="0.136" /><testcase classname="backend.tests.test_admin_config.TestWorkflowsUpdate" name="test_update_workflows" time="0.110" /><testcase classname="backend.tests.test_admin_config.TestEnumsUpdate" name="test_update_enums" time="0.106" /><testcase classname="backend.tests.test_admin_config.TestBrandingUpdate" name="test_update_branding" time="0.128" /></testsuite></testsuites>