<?xml version="1.0" encoding="utf-8"?><testsuites name="pytest tests"><testsuite name="pytest" errors="0" failures="0" skipped="0" tests="21" time="2.333" timestamp="2026-04-24T15:06:59.629083+00:00" hostname="agent-env-3e3bc150-8ec2-431a-bef0-ce3509db545e"><testcase classname="backend.tests.test_arbitrage.TestArbitrageSummary" name="test_summary_returns_200" time="0.716" /><testcase classname="backend.tests.test_arbitrage.TestArbitrageSummary" name="test_summary_has_projects" time="0.061" /><testcase classname="backend.tests.test_arbitrage.TestArbitrageSummary" name="test_summary_has_8_projects" time="0.062" /><testcase classname="backend.tests.test_arbitrage.TestArbitrageSummary" name="test_summary_projects_sorted_by_score_desc" time="0.063" /><testcase classname="backend.tests.test_arbitrage.TestArbitrageSummary" name="test_summary_top_project_is_crm" time="0.056" /><testcase classname="backend.tests.test_arbitrage.TestArbitrageSummary" name="test_summary_has_totals" time="0.059" /><testcase classname="backend.tests.test_arbitrage.TestArbitrageSummary" name="test_summary_capex_approx_5_675m" time="0.058" /><testcase classname="backend.tests.test_arbitrage.TestArbitrageSummary" name="test_summary_opex_approx_11_375m" time="0.098" /><testcase classname="backend.tests.test_arbitrage.TestArbitrageSummary" name="test_summary_has_weights" time="0.055" /><testcase classname="backend.tests.test_arbitrage.TestArbitrageSummary" name="test_summary_projects_have_score_field" time="0.051" /><testcase classname="backend.tests.test_arbitrage.TestArbitrageWeights" name="test_get_weights_200" time="0.063" /><testcase classname="backend.tests.test_arbitrage.TestArbitrageWeights" name="test_get_weights_has_defaults" time="0.063" /><testcase classname="backend.tests.test_arbitrage.TestArbitrageEnvelopes" name="test_get_envelopes_200" time="0.056" /><testcase classname="backend.tests.test_arbitrage.TestArbitrageEnvelopes" name="test_2026_envelope_exists" time="0.058" /><testcase classname="backend.tests.test_arbitrage.TestArbitrageEnvelopes" name="test_2026_capex_is_12m" time="0.053" /><testcase classname="backend.tests.test_arbitrage.TestArbitrageEnvelopes" name="test_2026_opex_is_6m" time="0.058" /><testcase classname="backend.tests.test_arbitrage.TestArbitrageEnvelopes" name="test_create_envelope" time="0.107" /><testcase classname="backend.tests.test_arbitrage.TestArbitrageScoring" name="test_patch_scoring_returns_updated_score" time="0.196" /><testcase classname="backend.tests.test_arbitrage.TestArbitrageScoring" name="test_patch_scoring_invalid_project" time="0.077" /><testcase classname="backend.tests.test_arbitrage.TestArbitrageScenarios" name="test_list_scenarios_200" time="0.081" /><testcase classname="backend.tests.test_arbitrage.TestArbitrageScenarios" name="test_save_scenario" time="0.125" /></testsuite></testsuites>