<?xml version="1.0" encoding="utf-8"?><testsuites name="pytest tests"><testsuite name="pytest" errors="0" failures="0" skipped="0" tests="20" time="3.435" timestamp="2026-04-22T13:21:38.021216+00:00" hostname="agent-env-3e3bc150-8ec2-431a-bef0-ce3509db545e"><testcase classname="backend.tests.test_vendors_bloc2.TestVendorsSummary" name="test_vendors_summary_status_200" time="0.529" /><testcase classname="backend.tests.test_vendors_bloc2.TestVendorsSummary" name="test_vendors_summary_has_required_fields" time="0.133" /><testcase classname="backend.tests.test_vendors_bloc2.TestVendorsSummary" name="test_vendors_summary_total_vendors_is_5" time="0.110" /><testcase classname="backend.tests.test_vendors_bloc2.TestVendorsSummary" name="test_vendors_summary_regie_count" time="0.103" /><testcase classname="backend.tests.test_vendors_bloc2.TestVendorsSummary" name="test_vendors_summary_forfait_count" time="0.118" /><testcase classname="backend.tests.test_vendors_bloc2.TestVendorsSummary" name="test_vendors_summary_alerts_gte_3" time="0.117" /><testcase classname="backend.tests.test_vendors_bloc2.TestVendorsSummary" name="test_vendors_list_contains_expected_names" time="0.116" /><testcase classname="backend.tests.test_vendors_bloc2.TestVendorsSummary" name="test_accenture_has_tjm_variance_alert" time="0.159" /><testcase classname="backend.tests.test_vendors_bloc2.TestVendorsSummary" name="test_sopra_steria_has_forfait_alert" time="0.138" /><testcase classname="backend.tests.test_vendors_bloc2.TestVendorsSummary" name="test_vendors_summary_requires_auth" time="0.109" /><testcase classname="backend.tests.test_vendors_bloc2.TestVendorsSummary" name="test_achats_can_access_vendors_summary" time="0.440" /><testcase classname="backend.tests.test_vendors_bloc2.TestVendorsProjectCosts" name="test_get_cloud_azure_project_id" time="0.127" /><testcase classname="backend.tests.test_vendors_bloc2.TestVendorsProjectCosts" name="test_project_external_costs_positive_regie" time="0.287" /><testcase classname="backend.tests.test_vendors_bloc2.TestVendorsProjectCosts" name="test_project_external_costs_has_resources" time="0.228" /><testcase classname="backend.tests.test_vendors_bloc2.TestVendorsProjectCosts" name="test_project_external_costs_404_on_unknown" time="0.111" /><testcase classname="backend.tests.test_vendors_bloc2.TestResourcesList" name="test_resources_list_status_200" time="0.126" /><testcase classname="backend.tests.test_vendors_bloc2.TestResourcesList" name="test_resources_have_resource_type_field" time="0.103" /><testcase classname="backend.tests.test_vendors_bloc2.TestResourcesList" name="test_resources_external_have_vendor_field" time="0.105" /><testcase classname="backend.tests.test_vendors_bloc2.TestResourcesList" name="test_regie_resources_have_contract_tjm" time="0.103" /><testcase classname="backend.tests.test_vendors_bloc2.TestResourcesList" name="test_forfait_resources_have_envelope" time="0.106" /></testsuite></testsuites>