<?xml version="1.0" encoding="utf-8"?><testsuites name="pytest tests"><testsuite name="pytest" errors="0" failures="0" skipped="0" tests="28" time="5.947" timestamp="2026-05-03T16:48:46.841311+00:00" hostname="agent-env-3e3bc150-8ec2-431a-bef0-ce3509db545e"><testcase classname="tests.test_budget_module.TestBudgetConsolidated" name="test_consolidated_200" time="0.626" /><testcase classname="tests.test_budget_module.TestBudgetConsolidated" name="test_consolidated_has_kpis" time="0.119" /><testcase classname="tests.test_budget_module.TestBudgetConsolidated" name="test_consolidated_kpis_non_null" time="0.117" /><testcase classname="tests.test_budget_module.TestBudgetConsolidated" name="test_consolidated_has_projects" time="0.123" /><testcase classname="tests.test_budget_module.TestBudgetConsolidated" name="test_consolidated_project_fields" time="0.109" /><testcase classname="tests.test_budget_module.TestBudgetConsolidated" name="test_consolidated_sorted_by_ecart_desc" time="0.112" /><testcase classname="tests.test_budget_module.TestBudgetConsolidated" name="test_consolidated_filter_by_status" time="0.120" /><testcase classname="tests.test_budget_module.TestBudgetConsolidated" name="test_consolidated_envelope" time="0.143" /><testcase classname="tests.test_budget_module.TestBudgetConsolidated" name="test_consolidated_unauthorized" time="0.112" /><testcase classname="tests.test_budget_module.TestBudgetByProgram" name="test_by_program_200" time="0.112" /><testcase classname="tests.test_budget_module.TestBudgetByProgram" name="test_by_program_returns_list" time="0.138" /><testcase classname="tests.test_budget_module.TestBudgetByProgram" name="test_by_program_fields" time="0.108" /><testcase classname="tests.test_budget_module.TestBudgetByProgram" name="test_by_program_has_projects" time="0.174" /><testcase classname="tests.test_budget_module.TestBudgetProjectRevisions" name="test_revisions_200" time="0.253" /><testcase classname="tests.test_budget_module.TestBudgetProjectRevisions" name="test_revisions_fields" time="0.212" /><testcase classname="tests.test_budget_module.TestBudgetProjectRevisions" name="test_revisions_not_found" time="0.113" /><testcase classname="tests.test_budget_module.TestRevise" name="test_revise_success" time="0.344" /><testcase classname="tests.test_budget_module.TestRevise" name="test_revise_missing_reason" time="0.233" /><testcase classname="tests.test_budget_module.TestRevise" name="test_revise_missing_eac" time="0.218" /><testcase classname="tests.test_budget_module.TestRevise" name="test_revise_revision_persisted" time="0.330" /><testcase classname="tests.test_budget_module.TestBudgetExport" name="test_export_excel_200" time="0.164" /><testcase classname="tests.test_budget_module.TestBudgetExport" name="test_export_excel_content_type" time="0.121" /><testcase classname="tests.test_budget_module.TestBudgetExport" name="test_export_excel_non_empty" time="0.121" /><testcase classname="tests.test_budget_module.TestBudgetExport" name="test_export_pdf_200" time="0.265" /><testcase classname="tests.test_budget_module.TestBudgetExport" name="test_export_pdf_content_type" time="0.122" /><testcase classname="tests.test_budget_module.TestBudgetExport" name="test_export_pdf_non_empty" time="0.122" /><testcase classname="tests.test_budget_module.TestBudgetRBAC" name="test_viewer_consolidated" time="0.516" /><testcase classname="tests.test_budget_module.TestBudgetRBAC" name="test_viewer_revise_blocked" time="0.571" /></testsuite></testsuites>