<?xml version="1.0" encoding="utf-8"?><testsuites name="pytest tests"><testsuite name="pytest" errors="0" failures="0" skipped="0" tests="6" time="2.958" timestamp="2026-04-13T20:25:02.680238+00:00" hostname="agent-env-3e3bc150-8ec2-431a-bef0-ce3509db545e"><testcase classname="backend.tests.test_export_copil.TestExportCopilAPI" name="test_export_copil_admin_returns_200" time="0.898" /><testcase classname="backend.tests.test_export_copil.TestExportCopilAPI" name="test_export_copil_pmo_returns_200" time="0.688" /><testcase classname="backend.tests.test_export_copil.TestExportCopilAPI" name="test_export_copil_viewer_returns_200" time="0.677" /><testcase classname="backend.tests.test_export_copil.TestExportCopilAPI" name="test_export_copil_empty_ids_returns_422" time="0.157" /><testcase classname="backend.tests.test_export_copil.TestExportCopilAPI" name="test_export_copil_no_auth_returns_401" time="0.162" /><testcase classname="backend.tests.test_export_copil.TestExportCopilAPI" name="test_export_copil_content_disposition_header" time="0.323" /></testsuite></testsuites>