<?xml version="1.0" encoding="utf-8"?><testsuites name="pytest tests"><testsuite name="pytest" errors="0" failures="4" skipped="0" tests="11" time="4.111" timestamp="2026-04-23T12:49:53.935404+00:00" hostname="agent-env-3e3bc150-8ec2-431a-bef0-ce3509db545e"><testcase classname="backend.tests.test_permissions_chantier.TestLoginProfileName" name="test_login_returns_profile_name[admin@altair.fr]" time="0.441" /><testcase classname="backend.tests.test_permissions_chantier.TestLoginProfileName" name="test_login_returns_profile_name[pmo@altair.fr]" time="0.340"><failure message="AssertionError: Login failed for pmo@altair.fr: {&quot;detail&quot;:&quot;Identifiants invalides&quot;}&#10;assert 401 == 200&#10; +  where 401 = &lt;Response [401]&gt;.status_code">backend/tests/test_permissions_chantier.py:30: in test_login_returns_profile_name
    assert r.status_code == 200, f"Login failed for {account['email']}: {r.text}"
E   AssertionError: Login failed for pmo@altair.fr: {"detail":"Identifiants invalides"}
E   assert 401 == 200
E    +  where 401 = &lt;Response [401]&gt;.status_code</failure></testcase><testcase classname="backend.tests.test_permissions_chantier.TestLoginProfileName" name="test_login_returns_profile_name[viewer@altair.fr]" time="0.375" /><testcase classname="backend.tests.test_permissions_chantier.TestLoginProfileName" name="test_login_returns_profile_name[cp@altair.fr]" time="0.361" /><testcase classname="backend.tests.test_permissions_chantier.TestLoginProfileName" name="test_login_returns_profile_name[manager@altair.fr]" time="0.323" /><testcase classname="backend.tests.test_permissions_chantier.TestLoginProfileName" name="test_login_returns_profile_name[user@altair.fr]" time="0.395" /><testcase classname="backend.tests.test_permissions_chantier.TestLoginProfileName" name="test_login_returns_profile_name[achats@altair.fr]" time="0.358" /><testcase classname="backend.tests.test_permissions_chantier.TestLoginProfileName" name="test_admin_has_wildcard_permission" time="0.364"><failure message="AssertionError: Admin missing admin permissions: []&#10;assert ('*' in [] or False)&#10; +  where False = any(&lt;generator object TestLoginProfileName.test_admin_has_wildcard_permission.&lt;locals&gt;.&lt;genexpr&gt; at 0xff3c36e27d80&gt;)">backend/tests/test_permissions_chantier.py:49: in test_admin_has_wildcard_permission
    assert "*" in perms or any(p.startswith("admin.") for p in perms), \
E   AssertionError: Admin missing admin permissions: []
E   assert ('*' in [] or False)
E    +  where False = any(&lt;generator object TestLoginProfileName.test_admin_has_wildcard_permission.&lt;locals&gt;.&lt;genexpr&gt; at 0xff3c36e27d80&gt;)</failure></testcase><testcase classname="backend.tests.test_permissions_chantier.TestLoginProfileName" name="test_user_has_only_timesheets_permission" time="0.327"><failure message="AssertionError: user@altair.fr missing timesheets.submit: []&#10;assert 'timesheets.submit' in []">backend/tests/test_permissions_chantier.py:61: in test_user_has_only_timesheets_permission
    assert "timesheets.submit" in perms, f"user@altair.fr missing timesheets.submit: {perms}"
E   AssertionError: user@altair.fr missing timesheets.submit: []
E   assert 'timesheets.submit' in []</failure></testcase><testcase classname="backend.tests.test_permissions_chantier.TestLoginProfileName" name="test_viewer_has_no_write_perms" time="0.331" /><testcase classname="backend.tests.test_permissions_chantier.TestLoginProfileName" name="test_achats_has_dashboard_and_vendors" time="0.353"><failure message="AssertionError: achats missing dashboard.view: []&#10;assert 'dashboard.view' in []">backend/tests/test_permissions_chantier.py:85: in test_achats_has_dashboard_and_vendors
    assert "dashboard.view" in perms, f"achats missing dashboard.view: {perms}"
E   AssertionError: achats missing dashboard.view: []
E   assert 'dashboard.view' in []</failure></testcase></testsuite></testsuites>