<?xml version="1.0" encoding="utf-8"?><testsuites name="pytest tests"><testsuite name="pytest" errors="0" failures="0" skipped="0" tests="14" time="3.799" timestamp="2026-04-13T14:43:03.848651+00:00" hostname="agent-env-3e3bc150-8ec2-431a-bef0-ce3509db545e"><testcase classname="backend.tests.test_chantier6.TestProjectStatus" name="test_projects_have_status_field" time="0.463" /><testcase classname="backend.tests.test_chantier6.TestProjectStatus" name="test_filter_en_pause_returns_portail_rh" time="0.137" /><testcase classname="backend.tests.test_chantier6.TestProjectStatus" name="test_filter_en_preparation_returns_dora" time="0.159" /><testcase classname="backend.tests.test_chantier6.TestSAPProjectCapexOpex" name="test_sap_capex_planned_2000k" time="0.105" /><testcase classname="backend.tests.test_chantier6.TestSAPProjectCapexOpex" name="test_sap_capex_consumed_1640k" time="0.103" /><testcase classname="backend.tests.test_chantier6.TestSAPProjectCapexOpex" name="test_sap_opex_planned_3000k" time="0.098" /><testcase classname="backend.tests.test_chantier6.TestSAPProjectCapexOpex" name="test_sap_opex_consumed_2460k" time="0.130" /><testcase classname="backend.tests.test_chantier6.TestSAPProjectCapexOpex" name="test_sap_eac_6500k_after_revision" time="0.111" /><testcase classname="backend.tests.test_chantier6.TestSAPProjectCapexOpex" name="test_sap_has_3_revision_history" time="0.144" /><testcase classname="backend.tests.test_chantier6.TestSAPProjectCapexOpex" name="test_sap_budget_total_calculated" time="0.431" /><testcase classname="backend.tests.test_chantier6.TestBudgetRevisionEndpoint" name="test_admin_can_revise_budget" time="0.488" /><testcase classname="backend.tests.test_chantier6.TestBudgetRevisionEndpoint" name="test_pmo_can_revise_budget" time="0.578" /><testcase classname="backend.tests.test_chantier6.TestBudgetRevisionEndpoint" name="test_viewer_cannot_revise_budget" time="0.538" /><testcase classname="backend.tests.test_chantier6.TestProjectCreateCapexOpex" name="test_create_project_with_capex_opex" time="0.249" /></testsuite></testsuites>