<?xml version="1.0" encoding="utf-8"?><testsuites name="pytest tests"><testsuite name="pytest" errors="0" failures="0" skipped="0" tests="18" time="3.678" timestamp="2026-04-13T15:10:51.950641+00:00" hostname="agent-env-3e3bc150-8ec2-431a-bef0-ce3509db545e"><testcase classname="backend.tests.test_chantier7.TestRiskCRUD" name="test_list_risks_by_project" time="0.666" /><testcase classname="backend.tests.test_chantier7.TestRiskCRUD" name="test_create_risk_calculates_criticality" time="0.159" /><testcase classname="backend.tests.test_chantier7.TestRiskCRUD" name="test_create_risk_verify_in_list" time="0.114" /><testcase classname="backend.tests.test_chantier7.TestRiskCRUD" name="test_update_risk_recalculates_criticality" time="0.107" /><testcase classname="backend.tests.test_chantier7.TestRiskCRUD" name="test_pmo_can_create_risk" time="0.524" /><testcase classname="backend.tests.test_chantier7.TestRiskCRUD" name="test_pmo_can_update_risk" time="0.163" /><testcase classname="backend.tests.test_chantier7.TestRiskCRUD" name="test_pmo_cannot_delete_risk" time="0.116" /><testcase classname="backend.tests.test_chantier7.TestRiskCRUD" name="test_viewer_403_post_risk" time="0.480" /><testcase classname="backend.tests.test_chantier7.TestRiskCRUD" name="test_viewer_403_put_risk" time="0.111" /><testcase classname="backend.tests.test_chantier7.TestRiskCRUD" name="test_viewer_403_delete_risk" time="0.100" /><testcase classname="backend.tests.test_chantier7.TestRiskCRUD" name="test_admin_can_delete_risk" time="0.170" /><testcase classname="backend.tests.test_chantier7.TestDashboardTopRisks" name="test_top_risks_returns_list" time="0.113" /><testcase classname="backend.tests.test_chantier7.TestDashboardTopRisks" name="test_top_risks_sorted_by_criticality_desc" time="0.100" /><testcase classname="backend.tests.test_chantier7.TestDashboardTopRisks" name="test_top_risks_enriched_with_project_name" time="0.114" /><testcase classname="backend.tests.test_chantier7.TestDashboardTopRisks" name="test_top_risks_max_10" time="0.127" /><testcase classname="backend.tests.test_chantier7.TestCrossTenantIsolation" name="test_risks_scoped_to_tenant" time="0.214" /><testcase classname="backend.tests.test_chantier7.TestSAPProjectRisks" name="test_sap_has_risks" time="0.117" /><testcase classname="backend.tests.test_chantier7.TestSAPProjectRisks" name="test_sap_risks_criticality_values" time="0.105" /></testsuite></testsuites>