<?xml version="1.0" encoding="utf-8"?><testsuites name="pytest tests"><testsuite name="pytest" errors="0" failures="0" skipped="0" tests="10" time="4.548" timestamp="2026-08-11T15:33:44.201644+00:00" hostname="agent-env-3e3bc150-8ec2-431a-bef0-ce3509db545e"><testcase classname="tests.test_chantier62_alignment_multiyear.TestArbitrageAlignment" name="test_summary_alignment_auto" time="0.621" /><testcase classname="tests.test_chantier62_alignment_multiyear.TestArbitrageAlignment" name="test_patch_strategic_alignment_blocked" time="0.242" /><testcase classname="tests.test_chantier62_alignment_multiyear.TestArbitrageAlignment" name="test_patch_other_criterion_ok" time="0.415" /><testcase classname="tests.test_chantier62_alignment_multiyear.TestBudgetMultiyear" name="test_get_multiyear" time="0.154" /><testcase classname="tests.test_chantier62_alignment_multiyear.TestBudgetMultiyear" name="test_put_multiyear_manual_and_reset" time="0.689" /><testcase classname="tests.test_chantier62_alignment_multiyear.TestBudgetMultiyear" name="test_put_multiyear_validation" time="0.493" /><testcase classname="tests.test_chantier62_alignment_multiyear.TestBudgetMultiyear" name="test_viewer_get_ok_put_forbidden" time="0.744" /><testcase classname="tests.test_chantier62_alignment_multiyear.TestBudgetMultiyear" name="test_tenant_isolation" time="0.590" /><testcase classname="tests.test_chantier62_alignment_multiyear.TestRegression" name="test_arbitrage_pdf" time="0.421" /><testcase classname="tests.test_chantier62_alignment_multiyear.TestRegression" name="test_budget_summary_still_ok" time="0.113" /></testsuite></testsuites>