<?xml version="1.0" encoding="utf-8"?><testsuites name="pytest tests"><testsuite name="pytest" errors="0" failures="0" skipped="0" tests="15" time="4.365" timestamp="2026-04-13T19:30:40.304548+00:00" hostname="agent-env-3e3bc150-8ec2-431a-bef0-ce3509db545e"><testcase classname="backend.tests.test_chantier8_decisions.TestHeatmapDashboard" name="test_heatmap_returns_200" time="0.533" /><testcase classname="backend.tests.test_chantier8_decisions.TestHeatmapDashboard" name="test_heatmap_structure" time="0.110" /><testcase classname="backend.tests.test_chantier8_decisions.TestHeatmapDashboard" name="test_heatmap_risk_fields" time="0.129" /><testcase classname="backend.tests.test_chantier8_decisions.TestHeatmapDashboard" name="test_heatmap_viewer_access" time="0.528" /><testcase classname="backend.tests.test_chantier8_decisions.TestDecisionsAPI" name="test_list_decisions_returns_data" time="0.124" /><testcase classname="backend.tests.test_chantier8_decisions.TestDecisionsAPI" name="test_list_decisions_count_32" time="0.150" /><testcase classname="backend.tests.test_chantier8_decisions.TestDecisionsAPI" name="test_list_decisions_by_project" time="0.245" /><testcase classname="backend.tests.test_chantier8_decisions.TestDecisionsAPI" name="test_create_decision" time="0.120" /><testcase classname="backend.tests.test_chantier8_decisions.TestDecisionsAPI" name="test_create_decision_all_fields" time="0.115" /><testcase classname="backend.tests.test_chantier8_decisions.TestDecisionsAPI" name="test_update_decision" time="0.248" /><testcase classname="backend.tests.test_chantier8_decisions.TestDecisionsAPI" name="test_delete_decision_admin" time="0.210" /><testcase classname="backend.tests.test_chantier8_decisions.TestDecisionsAPI" name="test_delete_decision_pmo_forbidden" time="1.048" /><testcase classname="backend.tests.test_chantier8_decisions.TestDecisionsAPI" name="test_viewer_cannot_create" time="0.112" /><testcase classname="backend.tests.test_chantier8_decisions.TestDecisionsAPI" name="test_decisions_have_required_fields" time="0.129" /><testcase classname="backend.tests.test_chantier8_decisions.TestDecisionsAPI" name="test_cleanup_test_decisions" time="0.501" /></testsuite></testsuites>