<?xml version="1.0" encoding="utf-8"?><testsuites name="pytest tests"><testsuite name="pytest" errors="0" failures="0" skipped="0" tests="6" time="4.652" timestamp="2026-08-11T16:45:17.315279+00:00" hostname="agent-env-3e3bc150-8ec2-431a-bef0-ce3509db545e"><testcase classname="tests.test_chantier63_trajectory_envelopes.TestObjectivesTrajectory" name="test_objectives_have_trajectory_fields" time="0.867" /><testcase classname="tests.test_chantier63_trajectory_envelopes.TestObjectivesTrajectory" name="test_expected_demo_data" time="0.132" /><testcase classname="tests.test_chantier63_trajectory_envelopes.TestEnvelopeOverrun" name="test_create_envelope_below_plan_triggers_notif" time="1.595" /><testcase classname="tests.test_chantier63_trajectory_envelopes.TestEnvelopeOverrun" name="test_antispam_no_duplicate" time="0.400" /><testcase classname="tests.test_chantier63_trajectory_envelopes.TestEnvelopeOverrun" name="test_envelope_above_plan_resets_flag" time="0.843" /><testcase classname="tests.test_chantier63_trajectory_envelopes.TestEnvelopeOverrun" name="test_multiyear_adjustment_triggers_notif" time="0.650" /></testsuite></testsuites>