<?xml version="1.0" encoding="utf-8"?><testsuites name="pytest tests"><testsuite name="pytest" errors="0" failures="0" skipped="0" tests="8" time="2.844" timestamp="2026-04-13T18:21:00.556083+00:00" hostname="agent-env-3e3bc150-8ec2-431a-bef0-ce3509db545e"><testcase classname="backend.tests.test_chantier6_bugfix.TestBudgetRevisionFix" name="test_author_empty_fallback_to_email" time="0.741" /><testcase classname="backend.tests.test_chantier6_bugfix.TestBudgetRevisionFix" name="test_author_null_fallback_to_email" time="0.134" /><testcase classname="backend.tests.test_chantier6_bugfix.TestBudgetRevisionFix" name="test_author_provided_kept" time="0.115" /><testcase classname="backend.tests.test_chantier6_bugfix.TestBudgetRevisionFix" name="test_fake_project_returns_404" time="0.107" /><testcase classname="backend.tests.test_chantier6_bugfix.TestBudgetRevisionFix" name="test_read_only_returns_403" time="0.512" /><testcase classname="backend.tests.test_chantier6_bugfix.TestBudgetRevisionFix" name="test_pmo_can_post_budget_revision" time="0.439" /><testcase classname="backend.tests.test_chantier6_bugfix.TestBudgetRevisionFix" name="test_revision_history_grows" time="0.342" /><testcase classname="backend.tests.test_chantier6_bugfix.TestBudgetRevisionFix" name="test_new_project_budget_revision" time="0.354" /></testsuite></testsuites>