<?xml version="1.0" encoding="utf-8"?><testsuites name="pytest tests"><testsuite name="pytest" errors="0" failures="0" skipped="0" tests="22" time="3.803" timestamp="2026-04-24T15:39:52.667099+00:00" hostname="agent-env-3e3bc150-8ec2-431a-bef0-ce3509db545e"><testcase classname="backend.tests.test_connectors.TestListConnectors" name="test_list_returns_3_connectors" time="0.548" /><testcase classname="backend.tests.test_connectors.TestListConnectors" name="test_list_unauthenticated_fails" time="0.123" /><testcase classname="backend.tests.test_connectors.TestGetConfig" name="test_jira_config_masked_credentials" time="0.129" /><testcase classname="backend.tests.test_connectors.TestGetConfig" name="test_sap_config_accessible" time="0.107" /><testcase classname="backend.tests.test_connectors.TestGetConfig" name="test_invalid_connector_type" time="0.136" /><testcase classname="backend.tests.test_connectors.TestUpsertConfig" name="test_save_jira_config" time="0.113" /><testcase classname="backend.tests.test_connectors.TestUpsertConfig" name="test_viewer_cannot_save_config" time="0.482" /><testcase classname="backend.tests.test_connectors.TestTestConnection" name="test_jira_test_empty_credentials_fails" time="0.106" /><testcase classname="backend.tests.test_connectors.TestTestConnection" name="test_sap_test_demo_url_success" time="0.253" /><testcase classname="backend.tests.test_connectors.TestTestConnection" name="test_test_connection_requires_auth" time="0.109" /><testcase classname="backend.tests.test_connectors.TestSync" name="test_jira_sync_generates_log" time="0.104" /><testcase classname="backend.tests.test_connectors.TestSync" name="test_sap_sync_returns_8_updated" time="0.293" /><testcase classname="backend.tests.test_connectors.TestSync" name="test_servicenow_sync_generates_log" time="0.131" /><testcase classname="backend.tests.test_connectors.TestSync" name="test_sync_requires_admin" time="0.123" /><testcase classname="backend.tests.test_connectors.TestSync" name="test_sync_unauthenticated" time="0.135" /><testcase classname="backend.tests.test_connectors.TestLogs" name="test_jira_logs_returns_seeded_data" time="0.119" /><testcase classname="backend.tests.test_connectors.TestLogs" name="test_sap_logs" time="0.131" /><testcase classname="backend.tests.test_connectors.TestLogs" name="test_servicenow_logs" time="0.129" /><testcase classname="backend.tests.test_connectors.TestStatus" name="test_jira_status_has_last_sync" time="0.117" /><testcase classname="backend.tests.test_connectors.TestStatus" name="test_sap_status" time="0.113" /><testcase classname="backend.tests.test_connectors.TestMapping" name="test_update_jira_mapping" time="0.114" /><testcase classname="backend.tests.test_connectors.TestMapping" name="test_mapping_requires_admin" time="0.108" /></testsuite></testsuites>