<?xml version="1.0" encoding="utf-8"?><testsuites name="pytest tests"><testsuite name="pytest" errors="0" failures="0" skipped="0" tests="8" time="2.774" timestamp="2026-08-06T15:13:43.043877+00:00" hostname="agent-env-3e3bc150-8ec2-431a-bef0-ce3509db545e"><testcase classname="tests.test_dashboard_grid" name="test_health" time="0.336" /><testcase classname="tests.test_dashboard_grid" name="test_login_returns_access_token" time="0.371" /><testcase classname="tests.test_dashboard_grid" name="test_available_has_22_ids" time="0.542" /><testcase classname="tests.test_dashboard_grid" name="test_put_22_widgets_persists" time="0.439" /><testcase classname="tests.test_dashboard_grid" name="test_put_with_layouts_persists" time="0.406" /><testcase classname="tests.test_dashboard_grid" name="test_put_legacy_widgets_are_filtered_out" time="0.122" /><testcase classname="tests.test_dashboard_grid" name="test_hide_single_block_persists" time="0.262" /><testcase classname="tests.test_dashboard_grid" name="test_cleanup_restore_22_defaults" time="0.249" /></testsuite></testsuites>