<?xml version="1.0" encoding="utf-8"?><testsuites name="pytest tests"><testsuite name="pytest" errors="0" failures="0" skipped="0" tests="7" time="2.642" timestamp="2026-08-06T14:53:38.489530+00:00" hostname="agent-env-3e3bc150-8ec2-431a-bef0-ce3509db545e"><testcase classname="tests.test_dashboard_grid" name="test_health" time="0.243" /><testcase classname="tests.test_dashboard_grid" name="test_get_preferences_shape" time="0.531" /><testcase classname="tests.test_dashboard_grid" name="test_put_with_layouts_persists" time="0.466" /><testcase classname="tests.test_dashboard_grid" name="test_put_without_layouts_preserves" time="0.494" /><testcase classname="tests.test_dashboard_grid" name="test_widget_toggle_persists" time="0.484" /><testcase classname="tests.test_dashboard_grid" name="test_portfolio_regression" time="0.104" /><testcase classname="tests.test_dashboard_grid" name="test_cleanup_restore_defaults" time="0.226" /></testsuite></testsuites>