<?xml version="1.0" encoding="utf-8"?><testsuites name="pytest tests"><testsuite name="pytest" errors="0" failures="0" skipped="0" tests="14" time="7.138" timestamp="2026-04-22T10:00:27.321681+00:00" hostname="agent-env-3e3bc150-8ec2-431a-bef0-ce3509db545e"><testcase classname="backend.tests.test_demands.TestSeed" name="test_seed_demands" time="0.567" /><testcase classname="backend.tests.test_demands.TestListDemands" name="test_list_demands_pmo" time="0.143" /><testcase classname="backend.tests.test_demands.TestListDemands" name="test_filter_by_status" time="0.104" /><testcase classname="backend.tests.test_demands.TestListDemands" name="test_filter_by_urgency" time="0.134" /><testcase classname="backend.tests.test_demands.TestListDemands" name="test_viewer_can_list" time="0.454" /><testcase classname="backend.tests.test_demands.TestCreateDemand" name="test_create_demand_pmo" time="0.234" /><testcase classname="backend.tests.test_demands.TestCreateDemand" name="test_create_demand_readonly_forbidden" time="0.119" /><testcase classname="backend.tests.test_demands.TestWorkflowTransitions" name="test_qualify" time="0.708" /><testcase classname="backend.tests.test_demands.TestWorkflowTransitions" name="test_invalid_transition_nouvelle_to_priorisee" time="0.673" /><testcase classname="backend.tests.test_demands.TestWorkflowTransitions" name="test_prioritize_requires_score" time="0.810" /><testcase classname="backend.tests.test_demands.TestWorkflowTransitions" name="test_refuse_requires_reason" time="0.878" /><testcase classname="backend.tests.test_demands.TestWorkflowTransitions" name="test_full_workflow_qualify_prioritize_accept" time="0.911" /><testcase classname="backend.tests.test_demands.TestWorkflowTransitions" name="test_readonly_cannot_transition" time="0.988" /><testcase classname="backend.tests.test_demands.TestDeleteDemand" name="test_delete_demand" time="0.345" /></testsuite></testsuites>