<?xml version="1.0" encoding="utf-8"?><testsuites name="pytest tests"><testsuite name="pytest" errors="0" failures="0" skipped="0" tests="13" time="4.000" timestamp="2026-08-15T15:07:05.516706+00:00" hostname="agent-env-3e3bc150-8ec2-431a-bef0-ce3509db545e"><testcase classname="tests.test_engagement_dossier" name="test_criteria_requires_auth" time="0.178" /><testcase classname="tests.test_engagement_dossier" name="test_pptx_requires_auth" time="0.539" /><testcase classname="tests.test_engagement_dossier" name="test_criteria_cadrage_21" time="0.103" /><testcase classname="tests.test_engagement_dossier" name="test_criteria_conception_29" time="0.109" /><testcase classname="tests.test_engagement_dossier" name="test_criteria_light_phases" time="0.316" /><testcase classname="tests.test_engagement_dossier" name="test_criteria_crud_custom" time="0.304" /><testcase classname="tests.test_engagement_dossier" name="test_cannot_delete_default_criterion" time="0.219" /><testcase classname="tests.test_engagement_dossier" name="test_readiness_structure" time="0.104" /><testcase classname="tests.test_engagement_dossier" name="test_attest_raises_score_and_cleanup" time="0.597" /><testcase classname="tests.test_engagement_dossier" name="test_gate_blocked_without_override" time="0.344" /><testcase classname="tests.test_engagement_dossier" name="test_gate_created_with_override_and_cleanup" time="0.420" /><testcase classname="tests.test_engagement_dossier" name="test_project_new_fields_persistence" time="0.454" /><testcase classname="tests.test_engagement_dossier" name="test_engagement_pptx_download" time="0.242" /></testsuite></testsuites>