<?xml version="1.0" encoding="utf-8"?><testsuites name="pytest tests"><testsuite name="pytest" errors="0" failures="0" skipped="0" tests="16" time="1.697" timestamp="2026-08-08T17:39:15.597122+00:00" hostname="agent-env-3e3bc150-8ec2-431a-bef0-ce3509db545e"><testcase classname="tests.test_excel_msproject_io" name="test_login_ok" time="0.235" /><testcase classname="tests.test_excel_msproject_io" name="test_projects_list" time="0.006" /><testcase classname="tests.test_excel_msproject_io" name="test_excel_export[projects]" time="0.028" /><testcase classname="tests.test_excel_msproject_io" name="test_excel_export[programs]" time="0.017" /><testcase classname="tests.test_excel_msproject_io" name="test_excel_export[teams]" time="0.016" /><testcase classname="tests.test_excel_msproject_io" name="test_excel_export[resources]" time="0.021" /><testcase classname="tests.test_excel_msproject_io" name="test_excel_export[milestones]" time="0.040" /><testcase classname="tests.test_excel_msproject_io" name="test_excel_export[risks]" time="0.033" /><testcase classname="tests.test_excel_msproject_io" name="test_excel_export[decisions]" time="0.027" /><testcase classname="tests.test_excel_msproject_io" name="test_excel_export[demands]" time="0.019" /><testcase classname="tests.test_excel_msproject_io" name="test_excel_export[budget]" time="0.019" /><testcase classname="tests.test_excel_msproject_io" name="test_excel_export[timesheets]" time="0.051" /><testcase classname="tests.test_excel_msproject_io" name="test_projects_roundtrip" time="0.064" /><testcase classname="tests.test_excel_msproject_io" name="test_risks_import_error" time="0.052" /><testcase classname="tests.test_excel_msproject_io" name="test_budget_update_only" time="0.049" /><testcase classname="tests.test_excel_msproject_io" name="test_msproject_mpp_import" time="0.785" /></testsuite></testsuites>