<?xml version="1.0" encoding="utf-8"?><testsuites name="pytest tests"><testsuite name="pytest" errors="0" failures="0" skipped="0" tests="8" time="1.840" timestamp="2026-04-26T15:10:25.388197+00:00" hostname="agent-env-3e3bc150-8ec2-431a-bef0-ce3509db545e"><testcase classname="backend.tests.test_export_copil" name="test_export_copil_http_200" time="1.005" /><testcase classname="backend.tests.test_export_copil" name="test_export_copil_content_type" time="0.000" /><testcase classname="backend.tests.test_export_copil" name="test_export_copil_content_disposition_format" time="0.000" /><testcase classname="backend.tests.test_export_copil" name="test_export_copil_binary_size" time="0.000" /><testcase classname="backend.tests.test_export_copil" name="test_export_copil_at_least_7_slides" time="0.009" /><testcase classname="backend.tests.test_export_copil" name="test_export_copil_last_slide_is_cloture" time="0.009" /><testcase classname="backend.tests.test_export_copil" name="test_export_copil_with_governance_filter" time="0.597" /><testcase classname="backend.tests.test_export_copil" name="test_export_copil_unauthenticated" time="0.107" /></testsuite></testsuites>