<?xml version="1.0" encoding="utf-8"?><testsuites name="pytest tests"><testsuite name="pytest" errors="0" failures="1" skipped="0" tests="14" time="3.842" timestamp="2026-08-15T13:37:17.694530+00:00" hostname="agent-env-3e3bc150-8ec2-431a-bef0-ce3509db545e"><testcase classname="tests.test_indicator_catalog.TestCatalogList" name="test_list_requires_auth" time="0.162" /><testcase classname="tests.test_indicator_catalog.TestCatalogList" name="test_list_returns_149" time="0.466" /><testcase classname="tests.test_indicator_catalog.TestCatalogList" name="test_computability_distribution" time="0.121" /><testcase classname="tests.test_indicator_catalog.TestCatalogList" name="test_filter_scope_portfolio" time="0.110" /><testcase classname="tests.test_indicator_catalog.TestSelections" name="test_get_selection_default" time="0.420" /><testcase classname="tests.test_indicator_catalog.TestSelections" name="test_put_selection_filters_invalid" time="0.312" /><testcase classname="tests.test_indicator_catalog.TestSelections" name="test_preset_p1_portfolio" time="0.103" /><testcase classname="tests.test_indicator_catalog.TestSelections" name="test_dashboard_selection_per_user" time="0.911"><failure message="AssertionError: assert set() == {'AGI-02', 'AGI-01'}&#10;  &#10;  Extra items in the right set:&#10;  'AGI-02'&#10;  'AGI-01'&#10;  &#10;  Full diff:&#10;  + set()&#10;  - {&#10;  -     'AGI-01',&#10;  -     'AGI-02',&#10;  - }">backend/tests/test_indicator_catalog.py:125: in test_dashboard_selection_per_user
    assert set(a.get("indicator_ids", [])) == set(first_two)
E   AssertionError: assert set() == {'AGI-02', 'AGI-01'}
E     
E     Extra items in the right set:
E     'AGI-02'
E     'AGI-01'
E     
E     Full diff:
E     + set()
E     - {
E     -     'AGI-01',
E     -     'AGI-02',
E     - }</failure></testcase><testcase classname="tests.test_indicator_catalog.TestValues" name="test_values_portfolio" time="0.204" /><testcase classname="tests.test_indicator_catalog.TestValues" name="test_values_project_requires_context" time="0.100" /><testcase classname="tests.test_indicator_catalog.TestValues" name="test_values_project_with_context" time="0.317" /><testcase classname="tests.test_indicator_catalog.TestValues" name="test_values_program_with_context" time="0.314" /><testcase classname="tests.test_indicator_catalog.TestNonRegression" name="test_pb_safe_loads" time="0.099" /><testcase classname="tests.test_indicator_catalog.TestNonRegression" name="test_roadmap_loads" time="0.113" /></testsuite></testsuites>