<?xml version="1.0" encoding="utf-8"?><testsuites name="pytest tests"><testsuite name="pytest" errors="0" failures="0" skipped="0" tests="18" time="4.462" timestamp="2026-08-13T17:24:39.830813+00:00" hostname="agent-env-3e3bc150-8ec2-431a-bef0-ce3509db545e"><testcase classname="tests.test_iter67_lot_a.TestRegressionAuth" name="test_all_logins_ok" time="1.790" /><testcase classname="tests.test_iter67_lot_a.TestRegressionAuth" name="test_me_admin" time="0.159" /><testcase classname="tests.test_iter67_lot_a.TestLifecycle" name="test_referential" time="0.181" /><testcase classname="tests.test_iter67_lot_a.TestLifecycle" name="test_project_lifecycle" time="0.138" /><testcase classname="tests.test_iter67_lot_a.TestLifecycle" name="test_viewer_cannot_request_gate" time="0.247" /><testcase classname="tests.test_iter67_lot_a.TestLifecycle" name="test_portfolio_gates" time="0.128" /><testcase classname="tests.test_iter67_lot_a.TestLifecycle" name="test_my_reviews_archi" time="0.124" /><testcase classname="tests.test_iter67_lot_a.TestLifecycle" name="test_my_reviews_rssi" time="0.235" /><testcase classname="tests.test_iter67_lot_a.TestSkills" name="test_skills_referential" time="0.113" /><testcase classname="tests.test_iter67_lot_a.TestCustomFields" name="test_list_defs" time="0.131" /><testcase classname="tests.test_iter67_lot_a.TestCustomFields" name="test_route_order_not_confused_with_id" time="0.119" /><testcase classname="tests.test_iter67_lot_a.TestSavedViews" name="test_list_views" time="0.128" /><testcase classname="tests.test_iter67_lot_a.TestSavedViews" name="test_create_and_delete_view" time="0.290" /><testcase classname="tests.test_iter67_lot_a.TestSnapshots" name="test_list_snapshots" time="0.116" /><testcase classname="tests.test_iter67_lot_a.TestThresholds" name="test_get_thresholds" time="0.113" /><testcase classname="tests.test_iter67_lot_a.TestThresholds" name="test_viewer_cannot_update_thresholds" time="0.126" /><testcase classname="tests.test_iter67_lot_a.TestCapacities" name="test_applications_have_business_capabilities" time="0.126" /><testcase classname="tests.test_iter67_lot_a.TestPBWeighted" name="test_pb_sessions_list" time="0.131" /></testsuite></testsuites>