<?xml version="1.0" encoding="utf-8"?><testsuites name="pytest tests"><testsuite name="pytest" errors="0" failures="0" skipped="0" tests="12" time="4.820" timestamp="2026-07-27T09:07:59.958531+00:00" hostname="agent-env-3e3bc150-8ec2-431a-bef0-ce3509db545e"><testcase classname="tests.test_pptx_refactor_monitoring_ratelimit.TestHealthEndpoint" name="test_health_returns_200" time="0.147" /><testcase classname="tests.test_pptx_refactor_monitoring_ratelimit.TestHealthEndpoint" name="test_health_has_required_fields" time="0.100" /><testcase classname="tests.test_pptx_refactor_monitoring_ratelimit.TestHealthEndpoint" name="test_health_status_ok" time="0.099" /><testcase classname="tests.test_pptx_refactor_monitoring_ratelimit.TestHealthEndpoint" name="test_health_uptime_positive" time="0.100" /><testcase classname="tests.test_pptx_refactor_monitoring_ratelimit.TestMonitoringEndpoint" name="test_monitoring_returns_200" time="0.422" /><testcase classname="tests.test_pptx_refactor_monitoring_ratelimit.TestMonitoringEndpoint" name="test_monitoring_has_required_fields" time="0.430" /><testcase classname="tests.test_pptx_refactor_monitoring_ratelimit.TestMonitoringEndpoint" name="test_monitoring_database_ok" time="0.426" /><testcase classname="tests.test_pptx_refactor_monitoring_ratelimit.TestMonitoringEndpoint" name="test_monitoring_collections_present" time="0.424" /><testcase classname="tests.test_pptx_refactor_monitoring_ratelimit.TestMonitoringEndpoint" name="test_monitoring_unauthorized" time="0.427" /><testcase classname="tests.test_pptx_refactor_monitoring_ratelimit.TestPowerBIRateLimit" name="test_powerbi_projects_responds_200" time="0.428" /><testcase classname="tests.test_pptx_refactor_monitoring_ratelimit.TestPowerBIRateLimit" name="test_powerbi_multiple_calls_ok" time="0.843" /><testcase classname="tests.test_pptx_refactor_monitoring_ratelimit.TestPPTXFacadeImport" name="test_copil_export_generates_pptx" time="0.910" /></testsuite></testsuites>