<?xml version="1.0" encoding="utf-8"?><testsuites name="pytest tests"><testsuite name="pytest" errors="0" failures="2" skipped="0" tests="34" time="9.073" timestamp="2026-08-13T13:16:29.159198+00:00" hostname="agent-env-3e3bc150-8ec2-431a-bef0-ce3509db545e"><testcase classname="tests.test_iter66_dsi_modules.TestApplications" name="test_summary" time="0.566" /><testcase classname="tests.test_iter66_dsi_modules.TestApplications" name="test_list_and_seed" time="0.120" /><testcase classname="tests.test_iter66_dsi_modules.TestApplications" name="test_create_get_update_delete" time="0.697" /><testcase classname="tests.test_iter66_dsi_modules.TestApplications" name="test_viewer_forbidden" time="0.645" /><testcase classname="tests.test_iter66_dsi_modules.TestApplications" name="test_tenant_isolation" time="0.558" /><testcase classname="tests.test_iter66_dsi_modules.TestRun" name="test_summary" time="0.141" /><testcase classname="tests.test_iter66_dsi_modules.TestRun" name="test_list_seed" time="0.128" /><testcase classname="tests.test_iter66_dsi_modules.TestRun" name="test_load_consolidated" time="0.119" /><testcase classname="tests.test_iter66_dsi_modules.TestRun" name="test_activity_crud_and_allocations" time="0.598" /><testcase classname="tests.test_iter66_dsi_modules.TestRun" name="test_incident_sla_computed" time="0.333" /><testcase classname="tests.test_iter66_dsi_modules.TestRun" name="test_release_crud" time="0.204" /><testcase classname="tests.test_iter66_dsi_modules.TestRun" name="test_viewer_run_forbidden" time="0.119" /><testcase classname="tests.test_iter66_dsi_modules.TestSecurity" name="test_summary" time="0.179" /><testcase classname="tests.test_iter66_dsi_modules.TestSecurity" name="test_posture" time="0.263" /><testcase classname="tests.test_iter66_dsi_modules.TestSecurity" name="test_vuln_crud" time="0.231" /><testcase classname="tests.test_iter66_dsi_modules.TestSecurity" name="test_requirement_and_review" time="0.113"><failure message="assert 400 == 201&#10; +  where 400 = &lt;Response [400]&gt;.status_code">tests/test_iter66_dsi_modules.py:260: in test_requirement_and_review
    assert r.status_code == 201
E   assert 400 == 201
E    +  where 400 = &lt;Response [400]&gt;.status_code</failure></testcase><testcase classname="tests.test_iter66_dsi_modules.TestSecurity" name="test_viewer_forbidden" time="0.124" /><testcase classname="tests.test_iter66_dsi_modules.TestArchitecture" name="test_summary" time="0.108" /><testcase classname="tests.test_iter66_dsi_modules.TestArchitecture" name="test_list[interfaces]" time="0.113" /><testcase classname="tests.test_iter66_dsi_modules.TestArchitecture" name="test_list[standards]" time="0.183" /><testcase classname="tests.test_iter66_dsi_modules.TestArchitecture" name="test_list[exemptions]" time="0.169" /><testcase classname="tests.test_iter66_dsi_modules.TestArchitecture" name="test_list[reviews]" time="0.115" /><testcase classname="tests.test_iter66_dsi_modules.TestArchitecture" name="test_list[radar]" time="0.111" /><testcase classname="tests.test_iter66_dsi_modules.TestArchitecture" name="test_list[debt]" time="0.121" /><testcase classname="tests.test_iter66_dsi_modules.TestArchitecture" name="test_interface_crud" time="0.271" /><testcase classname="tests.test_iter66_dsi_modules.TestArchitecture" name="test_standard_and_exemption" time="0.102"><failure message="assert 400 == 201&#10; +  where 400 = &lt;Response [400]&gt;.status_code">tests/test_iter66_dsi_modules.py:302: in test_standard_and_exemption
    assert r.status_code == 201
E   assert 400 == 201
E    +  where 400 = &lt;Response [400]&gt;.status_code</failure></testcase><testcase classname="tests.test_iter66_dsi_modules.TestIndicators" name="test_portfolio" time="0.113" /><testcase classname="tests.test_iter66_dsi_modules.TestIndicators" name="test_waterfall_project_evm" time="0.129" /><testcase classname="tests.test_iter66_dsi_modules.TestIndicators" name="test_safe_project_indicators" time="0.125" /><testcase classname="tests.test_iter66_dsi_modules.TestIndicators" name="test_sprint_crud" time="0.312" /><testcase classname="tests.test_iter66_dsi_modules.TestPB" name="test_list_sessions" time="0.187" /><testcase classname="tests.test_iter66_dsi_modules.TestPB" name="test_create_validation" time="0.237" /><testcase classname="tests.test_iter66_dsi_modules.TestPB" name="test_vote_flow_and_close" time="1.336" /><testcase classname="tests.test_iter66_dsi_modules.TestHeatmap" name="test_heatmap_has_run_jh" time="0.114" /></testsuite></testsuites>