<?xml version="1.0" encoding="utf-8"?><testsuites name="pytest tests"><testsuite name="pytest" errors="0" failures="0" skipped="0" tests="8" time="2.704" timestamp="2026-07-27T13:50:36.747308+00:00" hostname="agent-env-3e3bc150-8ec2-431a-bef0-ce3509db545e"><testcase classname="tests.test_p2_lot" name="test_health" time="0.157" /><testcase classname="tests.test_p2_lot" name="test_dashboard_summary" time="0.459" /><testcase classname="tests.test_p2_lot" name="test_waterfall_template_has_18_tasks" time="0.110" /><testcase classname="tests.test_p2_lot" name="test_cxo_dashboard" time="0.113" /><testcase classname="tests.test_p2_lot" name="test_cxo_preferences_get_put" time="0.502" /><testcase classname="tests.test_p2_lot" name="test_msproject_export" time="0.248" /><testcase classname="tests.test_p2_lot" name="test_msproject_import_roundtrip" time="0.717" /><testcase classname="tests.test_p2_lot" name="test_email_alerts_config_crud" time="0.338" /></testsuite></testsuites>