<?xml version="1.0" encoding="utf-8"?><testsuites name="pytest tests"><testsuite name="pytest" errors="0" failures="1" skipped="1" tests="10" time="3.265" timestamp="2026-04-23T08:06:50.193274+00:00" hostname="agent-env-3e3bc150-8ec2-431a-bef0-ce3509db545e"><testcase classname="backend.tests.test_iteration29_branding_timesheet.TestAdminConfig" name="test_config_returns_200" time="0.605" /><testcase classname="backend.tests.test_iteration29_branding_timesheet.TestAdminConfig" name="test_ppt_branding_company_name" time="0.113" /><testcase classname="backend.tests.test_iteration29_branding_timesheet.TestAdminConfig" name="test_timesheet_validation_steps_2" time="0.109" /><testcase classname="backend.tests.test_iteration29_branding_timesheet.TestPPTXBranding" name="test_export_copil_returns_pptx" time="0.423" /><testcase classname="backend.tests.test_iteration29_branding_timesheet.TestPPTXBranding" name="test_export_pptx_contains_company_name" time="0.488" /><testcase classname="backend.tests.test_iteration29_branding_timesheet.TestPPTXBranding" name="test_export_pptx_primary_color_in_header" time="0.411" /><testcase classname="backend.tests.test_iteration29_branding_timesheet.TestTimesheetWorkflow2Steps" name="test_pmo_validate_timesheets_flow" time="0.572" /><testcase classname="backend.tests.test_iteration29_branding_timesheet.TestTimesheetWorkflow2Steps" name="test_validation_steps_from_config" time="0.112"><skipped type="pytest.skip" message="PMO user does not have access to /api/admin/config">/app/backend/tests/test_iteration29_branding_timesheet.py:220: PMO user does not have access to /api/admin/config</skipped></testcase><testcase classname="backend.tests.test_iteration29_branding_timesheet.TestBackendSanity" name="test_health" time="0.106"><failure message="assert 404 == 200&#10; +  where 404 = &lt;Response [404]&gt;.status_code">backend/tests/test_iteration29_branding_timesheet.py:237: in test_health
    assert r.status_code == 200
E   assert 404 == 200
E    +  where 404 = &lt;Response [404]&gt;.status_code</failure></testcase><testcase classname="backend.tests.test_iteration29_branding_timesheet.TestBackendSanity" name="test_timesheets_endpoint_accessible" time="0.116" /></testsuite></testsuites>