<?xml version="1.0" encoding="utf-8"?><testsuites name="pytest tests"><testsuite name="pytest" errors="0" failures="2" skipped="0" tests="18" time="6.566" timestamp="2026-08-25T10:11:59.222486+00:00" hostname="agent-env-3e3bc150-8ec2-431a-bef0-ce3509db545e"><testcase classname="tests.test_iter76_manual_rag.TestManualValues" name="test_indicator_is_manual_in_catalog" time="0.819" /><testcase classname="tests.test_iter76_manual_rag.TestManualValues" name="test_manual_upsert_and_values_roundtrip" time="1.939" /><testcase classname="tests.test_iter76_manual_rag.TestManualValues" name="test_unknown_indicator_404" time="0.129" /><testcase classname="tests.test_iter76_manual_rag.TestManualValues" name="test_non_numeric_400" time="0.117" /><testcase classname="tests.test_iter76_manual_rag.TestManualValues" name="test_invalid_scope_400" time="0.129" /><testcase classname="tests.test_iter76_manual_rag.TestManualValues" name="test_viewer_forbidden_on_non_dashboard_scope" time="0.573"><failure message="AssertionError: expected 403, got 200: {&quot;tenant_id&quot;:&quot;a1b2c3d4-e5f6-7890-abcd-ef1234567890&quot;,&quot;scope&quot;:&quot;portfolio&quot;,&quot;context_id&quot;:null,&quot;indicator_id&quot;:&quot;AGI-10&quot;,&quot;value&quot;:10.0,&quot;unit&quot;:&quot;&quot;,&quot;direction&quot;:&quot;higher&quot;,&quot;green&quot;:null,&quot;orange&quot;:null,&quot;updated_by&quot;:&quot;M&#10;assert 200 == 403&#10; +  where 200 = &lt;Response [200]&gt;.status_code">E   AssertionError: expected 403, got 200: {"tenant_id":"a1b2c3d4-e5f6-7890-abcd-ef1234567890","scope":"portfolio","context_id":null,"indicator_id":"AGI-10","value":10.0,"unit":"","direction":"higher","green":null,"orange":null,"updated_by":"M
    assert 200 == 403
     +  where 200 = &lt;Response [200]&gt;.status_code</failure></testcase><testcase classname="tests.test_iter76_manual_rag.TestManualValues" name="test_unauthenticated_401" time="0.115" /><testcase classname="tests.test_iter76_manual_rag.TestAutoRAG" name="test_projects_have_rag_and_reasons" time="0.454" /><testcase classname="tests.test_iter76_manual_rag.TestAutoRAG" name="test_data001_red_with_eac_reason" time="0.119" /><testcase classname="tests.test_iter76_manual_rag.TestAutoRAG" name="test_rag_persisted_and_matches_detail" time="0.250" /><testcase classname="tests.test_iter76_manual_rag.TestAutoRAG" name="test_closed_projects_not_recomputed" time="0.096" /><testcase classname="tests.test_iter76_manual_rag.TestAutoRAG" name="test_dashboard_summary_matches_rag_counts" time="0.218" /><testcase classname="tests.test_iter76_manual_rag.TestAutoRAG" name="test_create_project_without_status_rag" time="0.707" /><testcase classname="tests.test_iter76_manual_rag.TestNonRegression" name="test_teams_heatmap" time="0.102" /><testcase classname="tests.test_iter76_manual_rag.TestNonRegression" name="test_comex_pdf_export" time="0.205" /><testcase classname="tests.test_iter76_manual_rag.TestNonRegression" name="test_portfolio_indicator_values" time="0.110" /><testcase classname="tests.test_iter76_manual_rag.TestNonRegression" name="test_gou04_rag_distribution_matches_projects" time="0.252"><failure message="AssertionError: GOU-04 affiche '0 V · 0 O · 5 R' au lieu de '0 V · 5 O · 5 R'&#10;assert '0 V · 0 O · 5 R' == '0 V · 5 O · 5 R'&#10;  &#10;  - 0 V · 5 O · 5 R&#10;  + 0 V · 0 O · 5 R">E   AssertionError: GOU-04 affiche '0 V · 0 O · 5 R' au lieu de '0 V · 5 O · 5 R'
    assert '0 V · 0 O · 5 R' == '0 V · 5 O · 5 R'
      
      - 0 V · 5 O · 5 R
      + 0 V · 0 O · 5 R</failure></testcase><testcase classname="tests.test_iter76_manual_rag.TestNonRegression" name="test_consistency_alerts" time="0.109" /></testsuite></testsuites>