<?xml version="1.0" encoding="utf-8"?><testsuites name="pytest tests"><testsuite name="pytest" errors="0" failures="0" skipped="0" tests="8" time="1.816" timestamp="2026-08-06T09:22:57.413790+00:00" hostname="agent-env-3e3bc150-8ec2-431a-bef0-ce3509db545e"><testcase classname="tests.test_dashboard_extras_prefs" name="test_dashboard_extras" time="0.543" /><testcase classname="tests.test_dashboard_extras_prefs" name="test_get_preferences_default" time="0.219" /><testcase classname="tests.test_dashboard_extras_prefs" name="test_put_preferences_persists" time="0.263" /><testcase classname="tests.test_dashboard_extras_prefs" name="test_put_preferences_filters_invalid" time="0.106" /><testcase classname="tests.test_dashboard_extras_prefs" name="test_restore_defaults" time="0.219" /><testcase classname="tests.test_dashboard_extras_prefs" name="test_health" time="0.133" /><testcase classname="tests.test_dashboard_extras_prefs" name="test_dashboard_summary" time="0.102" /><testcase classname="tests.test_dashboard_extras_prefs" name="test_dashboard_cxo_backward_compat" time="0.170" /></testsuite></testsuites>