<?xml version="1.0" encoding="utf-8"?><testsuites name="pytest tests"><testsuite name="pytest" errors="0" failures="0" skipped="0" tests="17" time="2.746" timestamp="2026-07-27T09:23:48.796371+00:00" hostname="agent-env-3e3bc150-8ec2-431a-bef0-ce3509db545e"><testcase classname="tests.test_powerbi_webhook.TestTemplateZIP" name="test_template_zip_returns_200" time="0.525" /><testcase classname="tests.test_powerbi_webhook.TestTemplateZIP" name="test_template_zip_content_type" time="0.102" /><testcase classname="tests.test_powerbi_webhook.TestTemplateZIP" name="test_template_zip_content_disposition" time="0.131" /><testcase classname="tests.test_powerbi_webhook.TestTemplateZIP" name="test_template_zip_contains_7_files" time="0.130" /><testcase classname="tests.test_powerbi_webhook.TestTemplateZIP" name="test_template_zip_expected_files" time="0.097" /><testcase classname="tests.test_powerbi_webhook.TestTemplateZIP" name="test_template_zip_requires_auth" time="0.096" /><testcase classname="tests.test_powerbi_webhook.TestTemplateZIP" name="test_template_zip_size" time="0.099" /><testcase classname="tests.test_powerbi_webhook.TestWebhookConfig" name="test_put_webhook_config_returns_200" time="0.132" /><testcase classname="tests.test_powerbi_webhook.TestWebhookConfig" name="test_get_config_contains_webhook_field" time="0.095" /><testcase classname="tests.test_powerbi_webhook.TestWebhookConfig" name="test_webhook_config_persisted" time="0.204" /><testcase classname="tests.test_powerbi_webhook.TestWebhookConfig" name="test_webhook_config_requires_auth" time="0.096" /><testcase classname="tests.test_powerbi_webhook.TestWebhookFireAndForget" name="test_project_update_not_blocked_by_webhook" time="0.325" /><testcase classname="tests.test_powerbi_webhook.TestLegacyPowerBIEndpoints" name="test_powerbi_projects" time="0.113" /><testcase classname="tests.test_powerbi_webhook.TestLegacyPowerBIEndpoints" name="test_powerbi_timesheets" time="0.184" /><testcase classname="tests.test_powerbi_webhook.TestLegacyPowerBIEndpoints" name="test_powerbi_budget" time="0.115" /><testcase classname="tests.test_powerbi_webhook.TestLegacyPowerBIEndpoints" name="test_powerbi_risks" time="0.118" /><testcase classname="tests.test_powerbi_webhook.TestLegacyPowerBIEndpoints" name="test_powerbi_milestones" time="0.116" /></testsuite></testsuites>