<?xml version="1.0" encoding="utf-8"?><testsuites name="pytest tests"><testsuite name="pytest" errors="0" failures="4" skipped="0" tests="15" time="16.251" timestamp="2026-08-12T17:59:55.983994+00:00" hostname="agent-env-3e3bc150-8ec2-431a-bef0-ce3509db545e"><testcase classname="tests.test_iter65_features.TestAIReport" name="test_list_reports" time="0.632" /><testcase classname="tests.test_iter65_features.TestAIReport" name="test_download_pdf" time="0.196" /><testcase classname="tests.test_iter65_features.TestAIReport" name="test_viewer_forbidden_list" time="0.508"><failure message="assert 200 == 403&#10; +  where 200 = &lt;Response [200]&gt;.status_code">backend/tests/test_iter65_features.py:48: in test_viewer_forbidden_list
    assert r.status_code == 403
E   assert 200 == 403
E    +  where 200 = &lt;Response [200]&gt;.status_code</failure></testcase><testcase classname="tests.test_iter65_features.TestAIReport" name="test_viewer_forbidden_generate" time="6.359"><failure message="assert 200 == 403&#10; +  where 200 = &lt;Response [200]&gt;.status_code">backend/tests/test_iter65_features.py:52: in test_viewer_forbidden_generate
    assert r.status_code == 403
E   assert 200 == 403
E    +  where 200 = &lt;Response [200]&gt;.status_code</failure></testcase><testcase classname="tests.test_iter65_features.TestAIReport" name="test_viewer_forbidden_pdf" time="0.215"><failure message="assert 200 == 403&#10; +  where 200 = &lt;Response [200]&gt;.status_code">backend/tests/test_iter65_features.py:57: in test_viewer_forbidden_pdf
    assert r.status_code == 403
E   assert 200 == 403
E    +  where 200 = &lt;Response [200]&gt;.status_code</failure></testcase><testcase classname="tests.test_iter65_features.TestAIReport" name="test_generate_ai_report" time="6.147" /><testcase classname="tests.test_iter65_features.TestJira" name="test_config_get_masked" time="0.244" /><testcase classname="tests.test_iter65_features.TestJira" name="test_connection" time="0.247" /><testcase classname="tests.test_iter65_features.TestJira" name="test_remote_projects" time="0.212" /><testcase classname="tests.test_iter65_features.TestJira" name="test_sync" time="0.242" /><testcase classname="tests.test_iter65_features.TestJira" name="test_project_has_jira_sync" time="0.153" /><testcase classname="tests.test_iter65_features.TestJira" name="test_viewer_forbidden_config" time="0.144"><failure message="assert 200 == 403&#10; +  where 200 = &lt;Response [200]&gt;.status_code">backend/tests/test_iter65_features.py:115: in test_viewer_forbidden_config
    assert r.status_code == 403
E   assert 200 == 403
E    +  where 200 = &lt;Response [200]&gt;.status_code</failure></testcase><testcase classname="tests.test_iter65_features.TestJira" name="test_viewer_forbidden_sync" time="0.139" /><testcase classname="tests.test_iter65_features.TestObjectivesDrift" name="test_drift_flow" time="0.310" /><testcase classname="tests.test_iter65_features.TestObjectivesDrift" name="test_restore_value" time="0.282" /></testsuite></testsuites>