<?xml version="1.0" encoding="utf-8"?><testsuites name="pytest tests"><testsuite name="pytest" errors="0" failures="0" skipped="0" tests="10" time="1.957" timestamp="2026-04-22T08:32:35.815131+00:00" hostname="agent-env-3e3bc150-8ec2-431a-bef0-ce3509db545e"><testcase classname="backend.tests.test_leaves_p1" name="test_holidays_may_2026_has_correct_dates" time="0.464" /><testcase classname="backend.tests.test_leaves_p1" name="test_holidays_february_2026_empty" time="0.104" /><testcase classname="backend.tests.test_leaves_p1" name="test_leave_create_half_day" time="0.213" /><testcase classname="backend.tests.test_leaves_p1" name="test_leave_update_full_day" time="0.109" /><testcase classname="backend.tests.test_leaves_p1" name="test_leave_delete_value_zero" time="0.105" /><testcase classname="backend.tests.test_leaves_p1" name="test_leave_weekend_422" time="0.109" /><testcase classname="backend.tests.test_leaves_p1" name="test_timesheet_blocked_by_full_day_absence" time="0.465" /><testcase classname="backend.tests.test_leaves_p1" name="test_grid_contains_leaves_holidays_day_caps" time="0.112" /><testcase classname="backend.tests.test_leaves_p1" name="test_month_calendar_feb_2026_no_holidays" time="0.107" /><testcase classname="backend.tests.test_leaves_p1" name="test_month_calendar_may_2026_has_holidays" time="0.109" /></testsuite></testsuites>