<?xml version="1.0" encoding="utf-8"?><testsuites name="pytest tests"><testsuite name="pytest" errors="0" failures="1" skipped="0" tests="7" time="1.383" timestamp="2026-08-15T22:03:08.617629+00:00" hostname="agent-env-3e3bc150-8ec2-431a-bef0-ce3509db545e"><testcase classname="tests.test_lot1_coherence_chiffres" name="test_f01_teams_capacity_heatmap_non_null" time="0.518" /><testcase classname="tests.test_lot1_coherence_chiffres" name="test_create_team_regression_then_delete" time="0.229" /><testcase classname="tests.test_lot1_coherence_chiffres" name="test_f09_profiles_no_duplicate_and_user_count" time="0.115" /><testcase classname="tests.test_lot1_coherence_chiffres" name="test_f02_project_jh_matches_task_sum" time="0.112"><failure message="AssertionError: No project with tasks found&#10;assert None">backend/tests/test_lot1_coherence_chiffres.py:108: in test_f02_project_jh_matches_task_sum
    assert chosen_pid, "No project with tasks found"
E   AssertionError: No project with tasks found
E   assert None</failure></testcase><testcase classname="tests.test_lot1_coherence_chiffres" name="test_f11_vendors_summary" time="0.103" /><testcase classname="tests.test_lot1_coherence_chiffres" name="test_f12_dashboard_summary" time="0.136" /><testcase classname="tests.test_lot1_coherence_chiffres" name="test_f10_connectors_list" time="0.102" /></testsuite></testsuites>