<?xml version="1.0" encoding="utf-8"?><testsuites name="pytest tests"><testsuite name="pytest" errors="0" failures="0" skipped="0" tests="5" time="1.623" timestamp="2026-08-15T22:56:35.001506+00:00" hostname="agent-env-3e3bc150-8ec2-431a-bef0-ce3509db545e"><testcase classname="tests.test_lot234_ecart.TestLot2ProjectCreationMinimal" name="test_create_minimal_project_no_budget" time="0.723" /><testcase classname="tests.test_lot234_ecart.TestConsistencyAlerts" name="test_requires_auth" time="0.110" /><testcase classname="tests.test_lot234_ecart.TestConsistencyAlerts" name="test_consistency_shape_and_values" time="0.117" /><testcase classname="tests.test_lot234_ecart.TestConsistencyAlerts" name="test_consistency_route_before_project_id" time="0.134" /><testcase classname="tests.test_lot234_ecart.TestIndicatorPresetP1" name="test_preset_p1_dashboard" time="0.484" /></testsuite></testsuites>