<?xml version="1.0" encoding="utf-8"?><testsuites name="pytest tests"><testsuite name="pytest" errors="0" failures="0" skipped="0" tests="12" time="2.198" timestamp="2026-04-22T16:09:58.502973+00:00" hostname="agent-env-3e3bc150-8ec2-431a-bef0-ce3509db545e"><testcase classname="backend.tests.test_okr_wsjf_lot5.TestOKRCRUD" name="test_list_okrs" time="0.550" /><testcase classname="backend.tests.test_okr_wsjf_lot5.TestOKRCRUD" name="test_create_okr" time="0.115" /><testcase classname="backend.tests.test_okr_wsjf_lot5.TestOKRCRUD" name="test_get_okr_persisted" time="0.131" /><testcase classname="backend.tests.test_okr_wsjf_lot5.TestOKRCRUD" name="test_update_okr" time="0.120" /><testcase classname="backend.tests.test_okr_wsjf_lot5.TestOKRCRUD" name="test_delete_okr" time="0.107" /><testcase classname="backend.tests.test_okr_wsjf_lot5.TestOKRCRUD" name="test_delete_okr_returns_404" time="0.144" /><testcase classname="backend.tests.test_okr_wsjf_lot5.TestProgrammeDashboard" name="test_dashboard_loads" time="0.151" /><testcase classname="backend.tests.test_okr_wsjf_lot5.TestProgrammeDashboard" name="test_dashboard_caps_by_status" time="0.128" /><testcase classname="backend.tests.test_okr_wsjf_lot5.TestWSJF" name="test_update_wsjf" time="0.242" /><testcase classname="backend.tests.test_okr_wsjf_lot5.TestVendorsCSV" name="test_vendors_csv_export" time="0.206" /><testcase classname="backend.tests.test_okr_wsjf_lot5.TestTasksSAFe" name="test_list_trains_for_context" time="0.119" /><testcase classname="backend.tests.test_okr_wsjf_lot5.TestTasksSAFe" name="test_list_sprints" time="0.118" /></testsuite></testsuites>