<?xml version="1.0" encoding="utf-8"?><testsuites name="pytest tests"><testsuite name="pytest" errors="0" failures="0" skipped="0" tests="17" time="4.207" timestamp="2026-08-15T11:39:44.062104+00:00" hostname="agent-env-3e3bc150-8ec2-431a-bef0-ce3509db545e"><testcase classname="tests.test_pb_safe.TestFeatureCandidates" name="test_candidates_returns_features_with_cost" time="0.511" /><testcase classname="tests.test_pb_safe.TestFeatureCandidates" name="test_candidates_forbidden_without_auth" time="0.100" /><testcase classname="tests.test_pb_safe.TestPIFeatures" name="test_pi_features_returns_valued_features" time="0.107" /><testcase classname="tests.test_pb_safe.TestPIFeatures" name="test_pi_features_404_on_unknown" time="0.103" /><testcase classname="tests.test_pb_safe.TestAssignFeaturePI" name="test_assign_and_unassign" time="0.339" /><testcase classname="tests.test_pb_safe.TestAssignFeaturePI" name="test_assign_unknown_feature" time="0.101" /><testcase classname="tests.test_pb_safe.TestAssignFeaturePI" name="test_assign_unknown_pi" time="0.263" /><testcase classname="tests.test_pb_safe.TestAssignFeaturePI" name="test_assign_forbidden_without_auth" time="0.200" /><testcase classname="tests.test_pb_safe.TestPBSafeSession" name="test_create_safe_session" time="0.101" /><testcase classname="tests.test_pb_safe.TestPBSafeSession" name="test_create_safe_session_pi_lt2_features" time="0.316" /><testcase classname="tests.test_pb_safe.TestPBSafeSession" name="test_vote_over_envelope_rejected" time="0.150" /><testcase classname="tests.test_pb_safe.TestPBSafeSession" name="test_vote_and_results_cutline" time="0.632" /><testcase classname="tests.test_pb_safe.TestPBSafeSession" name="test_decide_applies_arbitrage" time="0.311" /><testcase classname="tests.test_pb_safe.TestPBSafeSession" name="test_cleanup_delete_session" time="0.099" /><testcase classname="tests.test_pb_safe.TestPBManualSession" name="test_create_manual_session" time="0.098" /><testcase classname="tests.test_pb_safe.TestPBManualSession" name="test_manual_decide_does_not_touch_tasks" time="0.544" /><testcase classname="tests.test_pb_safe.TestPBManualSession" name="test_cleanup_delete_manual" time="0.098" /></testsuite></testsuites>