<?xml version="1.0" encoding="utf-8"?><testsuites name="pytest tests"><testsuite name="pytest" errors="0" failures="0" skipped="0" tests="15" time="2.923" timestamp="2026-05-04T15:46:00.290467+00:00" hostname="agent-env-3e3bc150-8ec2-431a-bef0-ce3509db545e"><testcase classname="tests.test_powerbi_connector.TestAdminKeyManagement" name="test_get_key_initial" time="0.619" /><testcase classname="tests.test_powerbi_connector.TestAdminKeyManagement" name="test_generate_key" time="0.218" /><testcase classname="tests.test_powerbi_connector.TestAdminKeyManagement" name="test_get_key_after_generate" time="0.143" /><testcase classname="tests.test_powerbi_connector.TestAdminKeyManagement" name="test_revoke_key" time="0.136" /><testcase classname="tests.test_powerbi_connector.TestAdminKeyManagement" name="test_get_key_after_revoke" time="0.114" /><testcase classname="tests.test_powerbi_connector.TestPowerBIAuth" name="test_jwt_auth_on_projects" time="0.119" /><testcase classname="tests.test_powerbi_connector.TestPowerBIAuth" name="test_no_auth_returns_401" time="0.155" /><testcase classname="tests.test_powerbi_connector.TestPowerBIAuth" name="test_invalid_api_key_returns_401" time="0.115" /><testcase classname="tests.test_powerbi_connector.TestPowerBIAuth" name="test_xapikey_auth" time="0.388" /><testcase classname="tests.test_powerbi_connector.TestPowerBIDataEndpoints" name="test_projects_returns_list" time="0.135" /><testcase classname="tests.test_powerbi_connector.TestPowerBIDataEndpoints" name="test_resources_returns_list" time="0.119" /><testcase classname="tests.test_powerbi_connector.TestPowerBIDataEndpoints" name="test_timesheets_returns_list" time="0.166" /><testcase classname="tests.test_powerbi_connector.TestPowerBIDataEndpoints" name="test_budget_returns_list" time="0.131" /><testcase classname="tests.test_powerbi_connector.TestPowerBIDataEndpoints" name="test_risks_returns_list" time="0.133" /><testcase classname="tests.test_powerbi_connector.TestPowerBIDataEndpoints" name="test_milestones_returns_list" time="0.120" /></testsuite></testsuites>