<?xml version="1.0" encoding="utf-8"?><testsuites name="pytest tests"><testsuite name="pytest" errors="0" failures="0" skipped="0" tests="20" time="5.914" timestamp="2026-04-22T11:43:42.545647+00:00" hostname="agent-env-3e3bc150-8ec2-431a-bef0-ce3509db545e"><testcase classname="backend.tests.test_profiles_rbac.TestLoginPermissions" name="test_admin_login_has_wildcard" time="0.790" /><testcase classname="backend.tests.test_profiles_rbac.TestLoginPermissions" name="test_cp_login_has_29_permissions" time="0.676" /><testcase classname="backend.tests.test_profiles_rbac.TestLoginPermissions" name="test_user_login_has_2_permissions" time="0.700" /><testcase classname="backend.tests.test_profiles_rbac.TestLoginPermissions" name="test_achats_login_has_vendors_perms" time="0.688" /><testcase classname="backend.tests.test_profiles_rbac.TestProfilesCRUD" name="test_list_profiles_returns_12" time="0.104" /><testcase classname="backend.tests.test_profiles_rbac.TestProfilesCRUD" name="test_create_custom_profile" time="0.112" /><testcase classname="backend.tests.test_profiles_rbac.TestProfilesCRUD" name="test_duplicate_chef_de_projet" time="0.224" /><testcase classname="backend.tests.test_profiles_rbac.TestProfilesCRUD" name="test_delete_system_profile_fails" time="0.209" /><testcase classname="backend.tests.test_profiles_rbac.TestProfilesCRUD" name="test_delete_custom_profile_succeeds" time="0.207" /><testcase classname="backend.tests.test_profiles_rbac.TestProfilesCRUD" name="test_update_profile_permissions" time="0.211" /><testcase classname="backend.tests.test_profiles_rbac.TestProfilesCRUD" name="test_cleanup_test_profiles" time="0.217" /><testcase classname="backend.tests.test_profiles_rbac.TestRBACMiddleware" name="test_achats_cannot_create_project" time="0.104" /><testcase classname="backend.tests.test_profiles_rbac.TestRBACMiddleware" name="test_pmo_create_project_422_invalid_payload" time="0.433" /><testcase classname="backend.tests.test_profiles_rbac.TestRBACMiddleware" name="test_user_cannot_create_demand" time="0.116" /><testcase classname="backend.tests.test_profiles_rbac.TestRBACMiddleware" name="test_cp_can_create_demand" time="0.109" /><testcase classname="backend.tests.test_profiles_rbac.TestAdminUsers" name="test_list_all_users_admin" time="0.106" /><testcase classname="backend.tests.test_profiles_rbac.TestAdminUsers" name="test_list_users_pmo_forbidden" time="0.131" /><testcase classname="backend.tests.test_profiles_rbac.TestAdminUsers" name="test_change_user_profile" time="0.446" /><testcase classname="backend.tests.test_profiles_rbac.TestResourcesEnriched" name="test_list_resources_includes_external" time="0.109" /><testcase classname="backend.tests.test_profiles_rbac.TestPermissionsEndpoint" name="test_get_all_permissions" time="0.101" /></testsuite></testsuites>