<?xml version="1.0" encoding="utf-8"?><testsuites name="pytest tests"><testsuite name="pytest" errors="0" failures="0" skipped="0" tests="14" time="2.846" timestamp="2026-03-21T16:42:47.365427+00:00" hostname="agent-env-3e3bc150-8ec2-431a-bef0-ce3509db545e"><testcase classname="backend.tests.test_tasks.TestTasksGet" name="test_get_all_tasks" time="0.580" /><testcase classname="backend.tests.test_tasks.TestTasksGet" name="test_get_tasks_by_project" time="0.205" /><testcase classname="backend.tests.test_tasks.TestTasksGet" name="test_tasks_have_required_fields" time="0.095" /><testcase classname="backend.tests.test_tasks.TestTasksGet" name="test_task_type_values" time="0.145" /><testcase classname="backend.tests.test_tasks.TestTasksGet" name="test_task_status_values" time="0.159" /><testcase classname="backend.tests.test_tasks.TestTasksGet" name="test_get_tasks_invalid_project" time="0.098" /><testcase classname="backend.tests.test_tasks.TestTasksCreate" name="test_create_task_admin" time="0.144" /><testcase classname="backend.tests.test_tasks.TestTasksCreate" name="test_create_task_returns_correct_fields" time="0.112" /><testcase classname="backend.tests.test_tasks.TestTasksReadOnly" name="test_read_only_cannot_create_task" time="0.445" /><testcase classname="backend.tests.test_tasks.TestTasksReadOnly" name="test_read_only_can_get_tasks" time="0.102" /><testcase classname="backend.tests.test_tasks.TestTasksUpdate" name="test_update_task" time="0.202" /><testcase classname="backend.tests.test_tasks.TestTasksUpdate" name="test_update_nonexistent_task" time="0.095" /><testcase classname="backend.tests.test_tasks.TestTasksSeedData" name="test_total_tasks_count" time="0.138" /><testcase classname="backend.tests.test_tasks.TestTasksSeedData" name="test_tasks_per_project_range" time="0.219" /></testsuite></testsuites>