<?xml version="1.0" encoding="utf-8"?><testsuites name="pytest tests"><testsuite name="pytest" errors="0" failures="0" skipped="0" tests="16" time="3.504" timestamp="2026-03-21T16:21:45.705965+00:00" hostname="agent-env-3e3bc150-8ec2-431a-bef0-ce3509db545e"><testcase classname="backend.tests.test_projetenne.TestAuth" name="test_login_admin_success" time="0.427" /><testcase classname="backend.tests.test_projetenne.TestAuth" name="test_login_viewer_success" time="0.331" /><testcase classname="backend.tests.test_projetenne.TestAuth" name="test_login_invalid_credentials" time="0.188" /><testcase classname="backend.tests.test_projetenne.TestAuth" name="test_unauthorized_access_no_token" time="0.159" /><testcase classname="backend.tests.test_projetenne.TestAuth" name="test_get_me" time="0.478" /><testcase classname="backend.tests.test_projetenne.TestProjects" name="test_list_projects_returns_8" time="0.155" /><testcase classname="backend.tests.test_projetenne.TestProjects" name="test_project_fields" time="0.102" /><testcase classname="backend.tests.test_projetenne.TestProjects" name="test_get_project_by_id" time="0.227" /><testcase classname="backend.tests.test_projetenne.TestProjects" name="test_get_project_not_found" time="0.109" /><testcase classname="backend.tests.test_projetenne.TestProjects" name="test_viewer_can_read_projects" time="0.469" /><testcase classname="backend.tests.test_projetenne.TestDashboard" name="test_dashboard_summary" time="0.096" /><testcase classname="backend.tests.test_projetenne.TestDashboard" name="test_dashboard_rag_counts" time="0.141" /><testcase classname="backend.tests.test_projetenne.TestMilestones" name="test_milestones_for_project" time="0.192" /><testcase classname="backend.tests.test_projetenne.TestMilestones" name="test_milestones_all" time="0.123" /><testcase classname="backend.tests.test_projetenne.TestResources" name="test_list_resources_returns_10" time="0.103" /><testcase classname="backend.tests.test_projetenne.TestGovernance" name="test_list_governance_returns_5" time="0.103" /></testsuite></testsuites>