<?xml version="1.0" encoding="utf-8"?><testsuites name="pytest tests"><testsuite name="pytest" errors="0" failures="0" skipped="0" tests="16" time="9.969" timestamp="2026-04-23T15:28:06.562972+00:00" hostname="agent-env-3e3bc150-8ec2-431a-bef0-ce3509db545e"><testcase classname="backend.tests.test_ownership_filtering.TestProjectsOwnershipFiltering" name="test_projects_cp_returns_200" time="0.596" /><testcase classname="backend.tests.test_ownership_filtering.TestProjectsOwnershipFiltering" name="test_projects_cp_returns_3_projects" time="0.487" /><testcase classname="backend.tests.test_ownership_filtering.TestProjectsOwnershipFiltering" name="test_projects_admin_returns_200" time="0.434" /><testcase classname="backend.tests.test_ownership_filtering.TestProjectsOwnershipFiltering" name="test_projects_admin_returns_all" time="0.450" /><testcase classname="backend.tests.test_ownership_filtering.TestProjectsOwnershipFiltering" name="test_projects_pmo_returns_all" time="0.472" /><testcase classname="backend.tests.test_ownership_filtering.TestProjectsOwnershipFiltering" name="test_projects_viewer_cio_returns_all" time="0.435" /><testcase classname="backend.tests.test_ownership_filtering.TestProjectsOwnershipFiltering" name="test_projects_all_profiles_return_200" time="2.307" /><testcase classname="backend.tests.test_ownership_filtering.TestDashboardSummaryFiltering" name="test_dashboard_summary_cp_total_projects_3" time="0.477" /><testcase classname="backend.tests.test_ownership_filtering.TestDashboardSummaryFiltering" name="test_dashboard_summary_admin_total_projects_8" time="0.445" /><testcase classname="backend.tests.test_ownership_filtering.TestProgramsOwnershipFiltering" name="test_programs_admin_returns_4" time="0.468" /><testcase classname="backend.tests.test_ownership_filtering.TestProgramsOwnershipFiltering" name="test_programs_cp_less_than_admin" time="0.912" /><testcase classname="backend.tests.test_ownership_filtering.TestTeamsOwnershipFiltering" name="test_teams_admin_returns_5" time="0.480" /><testcase classname="backend.tests.test_ownership_filtering.TestTeamsOwnershipFiltering" name="test_teams_manager_returns_1" time="0.434" /><testcase classname="backend.tests.test_ownership_filtering.TestTeamsOwnershipFiltering" name="test_teams_manager_owns_the_team" time="0.449" /><testcase classname="backend.tests.test_ownership_filtering.TestResourcesOwnershipFiltering" name="test_resources_admin_returns_15" time="0.484" /><testcase classname="backend.tests.test_ownership_filtering.TestResourcesOwnershipFiltering" name="test_resources_manager_returns_3" time="0.513" /></testsuite></testsuites>