<?xml version="1.0" encoding="utf-8"?><testsuites name="pytest tests"><testsuite name="pytest" errors="0" failures="0" skipped="0" tests="23" time="6.204" timestamp="2026-04-24T10:17:21.646662+00:00" hostname="agent-env-3e3bc150-8ec2-431a-bef0-ce3509db545e"><testcase classname="backend.tests.test_scope_module.TestScopeCandidates" name="test_get_candidates_admin" time="0.522" /><testcase classname="backend.tests.test_scope_module.TestScopeCandidates" name="test_candidates_have_scope_status_field" time="0.128" /><testcase classname="backend.tests.test_scope_module.TestScopeCandidates" name="test_candidates_count_scope_statuses" time="0.140" /><testcase classname="backend.tests.test_scope_module.TestScopeCandidates" name="test_candidates_filter_by_scope_status" time="0.137" /><testcase classname="backend.tests.test_scope_module.TestScopeCandidates" name="test_candidates_search_filter" time="0.217" /><testcase classname="backend.tests.test_scope_module.TestScopeCandidates" name="test_candidates_unauthorized" time="0.107" /><testcase classname="backend.tests.test_scope_module.TestScopeStatusPatch" name="test_patch_scope_status_admin" time="0.346" /><testcase classname="backend.tests.test_scope_module.TestScopeStatusPatch" name="test_patch_scope_status_invalid" time="0.207" /><testcase classname="backend.tests.test_scope_module.TestScopeStatusPatch" name="test_patch_scope_status_rbac_manager" time="0.917" /><testcase classname="backend.tests.test_scope_module.TestScopeStatusPatch" name="test_patch_scope_status_valid_values" time="0.532" /><testcase classname="backend.tests.test_scope_module.TestScopeCapacity" name="test_capacity_returns_list" time="0.109" /><testcase classname="backend.tests.test_scope_module.TestScopeCapacity" name="test_capacity_structure" time="0.282" /><testcase classname="backend.tests.test_scope_module.TestScopeCapacity" name="test_capacity_dev_a_rouge" time="0.108" /><testcase classname="backend.tests.test_scope_module.TestScopeCapacity" name="test_capacity_resources_detail" time="0.102" /><testcase classname="backend.tests.test_scope_module.TestScopeSnapshots" name="test_create_snapshot" time="0.103" /><testcase classname="backend.tests.test_scope_module.TestScopeSnapshots" name="test_create_snapshot_version_auto_increment" time="0.220" /><testcase classname="backend.tests.test_scope_module.TestScopeSnapshots" name="test_list_snapshots" time="0.097" /><testcase classname="backend.tests.test_scope_module.TestScopeSnapshots" name="test_get_snapshot_by_id" time="0.255" /><testcase classname="backend.tests.test_scope_module.TestScopeSnapshots" name="test_snapshot_requires_freeze_permission" time="0.109" /><testcase classname="backend.tests.test_scope_module.TestScopeTransmit" name="test_transmit_snapshot" time="0.478" /><testcase classname="backend.tests.test_scope_module.TestScopeTransmit" name="test_transmit_already_transmitted" time="0.465" /><testcase classname="backend.tests.test_scope_module.TestGanttCompute" name="test_gantt_compute" time="0.232" /><testcase classname="backend.tests.test_scope_module.TestGanttCompute" name="test_gantt_requires_freeze_permission" time="0.261" /></testsuite></testsuites>