<?xml version="1.0" encoding="utf-8"?><testsuites name="pytest tests"><testsuite name="pytest" errors="0" failures="0" skipped="0" tests="10" time="2.455" timestamp="2026-04-24T14:04:57.241434+00:00" hostname="agent-env-3e3bc150-8ec2-431a-bef0-ce3509db545e"><testcase classname="backend.tests.test_scope_new_features.TestSeedData" name="test_candidates_have_scope_status" time="0.549" /><testcase classname="backend.tests.test_scope_new_features.TestSeedData" name="test_dev_a_surcharge" time="0.115" /><testcase classname="backend.tests.test_scope_new_features.TestSnapshots" name="test_list_snapshots_returns_frozen_and_transmitted" time="0.123" /><testcase classname="backend.tests.test_scope_new_features.TestSnapshots" name="test_list_snapshots_by_project_id" time="0.232" /><testcase classname="backend.tests.test_scope_new_features.TestSnapshots" name="test_snapshot_features_have_team_id" time="0.211" /><testcase classname="backend.tests.test_scope_new_features.TestExportExcel" name="test_export_candidates_excel_returns_xlsx" time="0.121" /><testcase classname="backend.tests.test_scope_new_features.TestExportExcel" name="test_export_candidates_excel_with_filter" time="0.114" /><testcase classname="backend.tests.test_scope_new_features.TestExportExcel" name="test_export_snapshot_excel_returns_xlsx" time="0.295" /><testcase classname="backend.tests.test_scope_new_features.TestExportExcel" name="test_export_snapshot_excel_unauthorized" time="0.117" /><testcase classname="backend.tests.test_scope_new_features.TestProjectDetailScopeSection" name="test_scope_snapshots_visible_for_project" time="0.462" /></testsuite></testsuites>