<?xml version="1.0" encoding="utf-8"?><testsuites name="pytest tests"><testsuite name="pytest" errors="0" failures="0" skipped="1" tests="56" time="50.722" timestamp="2026-08-29T10:58:13.402918+00:00" hostname="agent-env-3e3bc150-8ec2-431a-bef0-ce3509db545e"><testcase classname="tests.test_rbac_audit_v2.TestPermissionPreconditions" name="test_admin_wildcard" time="1.238" /><testcase classname="tests.test_rbac_audit_v2.TestPermissionPreconditions" name="test_manager_perms" time="0.000" /><testcase classname="tests.test_rbac_audit_v2.TestPermissionPreconditions" name="test_viewer_perms" time="0.000" /><testcase classname="tests.test_rbac_audit_v2.TestArbitrageDenyViewer" name="test_put_weights_denied" time="0.301" /><testcase classname="tests.test_rbac_audit_v2.TestArbitrageDenyViewer" name="test_patch_scoring_denied" time="0.381" /><testcase classname="tests.test_rbac_audit_v2.TestArbitrageDenyViewer" name="test_post_envelope_denied" time="0.144" /><testcase classname="tests.test_rbac_audit_v2.TestArbitrageDenyViewer" name="test_delete_envelope_denied" time="0.145" /><testcase classname="tests.test_rbac_audit_v2.TestArbitrageDenyViewer" name="test_post_scenario_denied" time="0.148" /><testcase classname="tests.test_rbac_audit_v2.TestArbitrageDenyViewer" name="test_apply_scenario_denied" time="0.147" /><testcase classname="tests.test_rbac_audit_v2.TestArbitrageDenyViewer" name="test_delete_scenario_denied" time="0.158" /><testcase classname="tests.test_rbac_audit_v2.TestArbitrageAllowManager" name="test_put_weights_allowed" time="0.303" /><testcase classname="tests.test_rbac_audit_v2.TestArbitrageAllowManager" name="test_envelope_create_and_cleanup" time="0.607" /><testcase classname="tests.test_rbac_audit_v2.TestArbitrageAllowManager" name="test_scenario_create_apply_delete" time="0.305" /><testcase classname="tests.test_rbac_audit_v2.TestArbitrageAllowManager" name="test_patch_scoring_allowed" time="0.151" /><testcase classname="tests.test_rbac_audit_v2.TestAdminConfigGates" name="test_connectors_jira_test_denied_manager" time="0.146" /><testcase classname="tests.test_rbac_audit_v2.TestAdminConfigGates" name="test_connectors_jira_test_not_denied_admin" time="0.159" /><testcase classname="tests.test_rbac_audit_v2.TestAdminConfigGates" name="test_profiles_seed_denied_manager" time="0.173" /><testcase classname="tests.test_rbac_audit_v2.TestAdminConfigGates" name="test_profiles_seed_full_denied_manager" time="0.146" /><testcase classname="tests.test_rbac_audit_v2.TestAdminConfigGates" name="test_profiles_seed_denied_viewer" time="0.145" /><testcase classname="tests.test_rbac_audit_v2.TestAdminConfigGates" name="test_profiles_seed_allowed_admin" time="0.150" /><testcase classname="tests.test_rbac_audit_v2.TestApplyTemplate" name="test_denied_viewer" time="0.144" /><testcase classname="tests.test_rbac_audit_v2.TestApplyTemplate" name="test_not_denied_manager" time="0.162" /><testcase classname="tests.test_rbac_audit_v2.TestEngagementAttest" name="test_denied_viewer" time="0.143" /><testcase classname="tests.test_rbac_audit_v2.TestEngagementAttest" name="test_allowed_manager" time="0.154" /><testcase classname="tests.test_rbac_audit_v2.TestCoreCrudNonRegression" name="test_admin_create_project" time="0.303" /><testcase classname="tests.test_rbac_audit_v2.TestCoreCrudNonRegression" name="test_admin_update_project" time="0.293" /><testcase classname="tests.test_rbac_audit_v2.TestCoreCrudNonRegression" name="test_admin_create_risk" time="0.293" /><testcase classname="tests.test_rbac_audit_v2.TestCoreCrudNonRegression" name="test_admin_create_task" time="0.296" /><testcase classname="tests.test_rbac_audit_v2.TestCoreCrudNonRegression" name="test_manager_can_create_project" time="0.149" /><testcase classname="tests.test_rbac_audit_v2.TestCoreCrudNonRegression" name="test_viewer_cannot_create_project" time="0.156" /><testcase classname="tests.test_rbac_audit_v2.TestCoreCrudNonRegression" name="test_viewer_cannot_create_risk" time="0.146" /><testcase classname="tests.test_rbac_audit_v2.TestCoreCrudNonRegression" name="test_viewer_cannot_create_task" time="0.150" /><testcase classname="tests.test_rbac_audit_v2.TestCoreCrudNonRegression" name="test_zz_cleanup" time="0.887" /><testcase classname="tests.test_rbac_audit_v2_supplemental.TestIndicatorManualGate" name="test_viewer_has_indicators_manage_allowed" time="1.618" /><testcase classname="tests.test_rbac_audit_v2_supplemental.TestIndicatorManualGate" name="test_user_without_perm_denied" time="0.000"><skipped type="pytest.skip" message="manager has indicators.manage; no negative subject available">/app/backend/tests/test_rbac_audit_v2_supplemental.py:54: manager has indicators.manage; no negative subject available</skipped></testcase><testcase classname="tests.test_rbac_audit_v2_supplemental.TestExportCopilGate" name="test_viewer_with_export_ppt_not_denied" time="0.157" /><testcase classname="tests.test_rbac_audit_v2_supplemental.TestExportCopilGate" name="test_no_token_rejected" time="0.141" /><testcase classname="tests.test_rbac_audit_v2_supplemental.TestAuthHardening" name="test_invalid_token_rejected" time="0.159" /><testcase classname="tests.test_rbac_audit_v2_supplemental.TestAuthHardening" name="test_missing_auth_rejected" time="0.142" /><testcase classname="tests.test_rbac_audit_v2_supplemental.TestAuthHardening" name="test_password_hashes_are_bcrypt_2b" time="0.071" /><testcase classname="tests.test_rbac_audit_v2_supplemental.TestAuthHardening" name="test_bruteforce_lockout" time="4.754" /><testcase classname="tests.test_rbac_audit_v2_supplemental.TestAuthHardening" name="test_login_wrong_password_401" time="0.388" /><testcase classname="tests.test_rbac_audit_v2_supplemental.TestTenantSettingsGate" name="test_manager_denied" time="0.300" /><testcase classname="tests.test_rbac_audit_v2_supplemental.TestTenantSettingsGate" name="test_viewer_denied" time="0.150" /><testcase classname="tests.test_rbac_audit_v2_supplemental.TestCrossTenant" name="test_beta_admin_cannot_see_altair_project" time="0.386" /><testcase classname="tests.test_rbac_audit_v2_supplemental.TestCrossTenant" name="test_beta_admin_cannot_patch_altair_scoring" time="0.375" /><testcase classname="tests.test_rbac_audit_v2_minperm.TestMinPermDenies" name="test_indicator_manual_dashboard_denied" time="1.466" /><testcase classname="tests.test_rbac_audit_v2_minperm.TestMinPermDenies" name="test_export_copil_denied" time="0.146" /><testcase classname="tests.test_rbac_audit_v2_minperm.TestMinPermDenies" name="test_arbitrage_weights_denied" time="0.316" /><testcase classname="tests.test_rbac_audit_v2_minperm.TestMinPermDenies" name="test_arbitrage_scenario_denied" time="0.182" /><testcase classname="tests.test_rbac_audit_v2_minperm.TestMinPermDenies" name="test_apply_template_denied" time="0.370" /><testcase classname="tests.test_rbac_audit_v2_minperm.TestMinPermDenies" name="test_engagement_attest_denied" time="0.149" /><testcase classname="tests.test_rbac_audit_v2_minperm.TestMinPermDenies" name="test_profiles_seed_denied" time="0.144" /><testcase classname="tests.test_rbac_audit_v2_minperm.TestMinPermDenies" name="test_connectors_jira_test_denied" time="0.197" /><testcase classname="tests.test_rbac_audit_v2_minperm.TestMinPermDenies" name="test_project_create_denied" time="30.187" /><testcase classname="tests.test_rbac_audit_v2_minperm.TestMinPermDenies" name="test_read_still_allowed" time="0.602" /></testsuite></testsuites>