<?xml version="1.0" encoding="utf-8"?><testsuites name="pytest tests"><testsuite name="pytest" errors="0" failures="0" skipped="0" tests="24" time="3.878" timestamp="2026-04-22T09:24:35.829405+00:00" hostname="agent-env-3e3bc150-8ec2-431a-bef0-ce3509db545e"><testcase classname="backend.tests.test_regulatory.TestRegulatoryList" name="test_returns_200" time="0.706" /><testcase classname="backend.tests.test_regulatory.TestRegulatoryList" name="test_returns_list" time="0.113" /><testcase classname="backend.tests.test_regulatory.TestRegulatoryList" name="test_has_required_fields" time="0.139" /><testcase classname="backend.tests.test_regulatory.TestRegulatoryList" name="test_only_regulatory_or_decomm_types" time="0.114" /><testcase classname="backend.tests.test_regulatory.TestRegulatoryList" name="test_sorted_by_target_date_asc" time="0.111" /><testcase classname="backend.tests.test_regulatory.TestRegulatoryList" name="test_11_milestones_seeded" time="0.117" /><testcase classname="backend.tests.test_regulatory.TestRegulatoryKpis" name="test_returns_200" time="0.170" /><testcase classname="backend.tests.test_regulatory.TestRegulatoryKpis" name="test_kpi_fields" time="0.134" /><testcase classname="backend.tests.test_regulatory.TestRegulatoryKpis" name="test_kpi_total_11" time="0.140" /><testcase classname="backend.tests.test_regulatory.TestRegulatoryKpis" name="test_kpi_values_non_negative" time="0.112" /><testcase classname="backend.tests.test_regulatory.TestRegulatoryFilters" name="test_filter_type_regulatory" time="0.120" /><testcase classname="backend.tests.test_regulatory.TestRegulatoryFilters" name="test_filter_type_decomm" time="0.107" /><testcase classname="backend.tests.test_regulatory.TestRegulatoryFilters" name="test_filter_attribute_critical" time="0.106" /><testcase classname="backend.tests.test_regulatory.TestUrgencyColor" name="test_urgency_color_values_valid" time="0.130" /><testcase classname="backend.tests.test_regulatory.TestUrgencyColor" name="test_overdue_has_negative_days" time="0.171" /><testcase classname="backend.tests.test_regulatory.TestUrgencyColor" name="test_red_has_days_0_to_30" time="0.135" /><testcase classname="backend.tests.test_regulatory.TestUrgencyColor" name="test_orange_has_days_31_to_90" time="0.102" /><testcase classname="backend.tests.test_regulatory.TestUrgencyColor" name="test_green_has_days_over_90" time="0.107" /><testcase classname="backend.tests.test_regulatory.TestRegulatoryCSV" name="test_returns_200" time="0.108" /><testcase classname="backend.tests.test_regulatory.TestRegulatoryCSV" name="test_csv_headers" time="0.106" /><testcase classname="backend.tests.test_regulatory.TestRegulatoryCSV" name="test_csv_has_rows" time="0.104" /><testcase classname="backend.tests.test_regulatory.TestViewerAccess" name="test_viewer_can_access_list" time="0.426" /><testcase classname="backend.tests.test_regulatory.TestViewerAccess" name="test_viewer_can_access_kpis" time="0.110" /><testcase classname="backend.tests.test_regulatory.TestViewerAccess" name="test_viewer_can_access_csv" time="0.104" /></testsuite></testsuites>