<?xml version="1.0" encoding="utf-8"?><testsuites name="pytest tests"><testsuite name="pytest" errors="0" failures="0" skipped="0" tests="3" time="1.647" timestamp="2026-08-14T17:08:17.266455+00:00" hostname="agent-env-3e3bc150-8ec2-431a-bef0-ce3509db545e"><testcase classname="tests.test_roadmap_export" name="test_roadmap_pptx_requires_auth" time="0.342" /><testcase classname="tests.test_roadmap_export" name="test_roadmap_pptx_with_admin" time="0.697" /><testcase classname="tests.test_roadmap_export" name="test_roadmap_page_data_endpoints" time="0.513" /></testsuite></testsuites>