<?xml version="1.0" encoding="utf-8"?><testsuites name="pytest tests"><testsuite name="pytest" errors="0" failures="0" skipped="0" tests="27" time="3.521" timestamp="2026-04-21T12:02:25.303349+00:00" hostname="agent-env-3e3bc150-8ec2-431a-bef0-ce3509db545e"><testcase classname="backend.tests.test_s1_01_teams" name="test_list_teams_admin" time="0.297" /><testcase classname="backend.tests.test_s1_01_teams" name="test_team_has_manager_name" time="0.024" /><testcase classname="backend.tests.test_s1_01_teams" name="test_create_team_admin" time="0.046" /><testcase classname="backend.tests.test_s1_01_teams" name="test_update_team_admin" time="0.069" /><testcase classname="backend.tests.test_s1_01_teams" name="test_delete_team_admin" time="0.069" /><testcase classname="backend.tests.test_s1_01_teams" name="test_delete_nonexistent_team" time="0.023" /><testcase classname="backend.tests.test_s1_01_teams" name="test_list_teams_pmo" time="0.274" /><testcase classname="backend.tests.test_s1_01_teams" name="test_list_teams_viewer" time="0.268" /><testcase classname="backend.tests.test_s1_01_teams" name="test_create_team_pmo" time="0.045" /><testcase classname="backend.tests.test_s1_01_teams" name="test_create_team_viewer_forbidden" time="0.022" /><testcase classname="backend.tests.test_s1_01_teams" name="test_update_team_pmo" time="0.068" /><testcase classname="backend.tests.test_s1_01_teams" name="test_delete_team_pmo_forbidden" time="0.072" /><testcase classname="backend.tests.test_s1_01_teams" name="test_delete_team_viewer_forbidden" time="0.290" /><testcase classname="backend.tests.test_s1_01_teams" name="test_no_id_leakage" time="0.024" /><testcase classname="backend.tests.test_s1_05_07_work_allocations" name="test_list_work_allocations" time="0.292" /><testcase classname="backend.tests.test_s1_05_07_work_allocations" name="test_work_allocation_has_computed_costs" time="0.048" /><testcase classname="backend.tests.test_s1_05_07_work_allocations" name="test_create_work_allocation_admin" time="0.123" /><testcase classname="backend.tests.test_s1_05_07_work_allocations" name="test_create_work_allocation_bad_task" time="0.045" /><testcase classname="backend.tests.test_s1_05_07_work_allocations" name="test_update_work_allocation" time="0.143" /><testcase classname="backend.tests.test_s1_05_07_work_allocations" name="test_delete_work_allocation" time="0.114" /><testcase classname="backend.tests.test_s1_05_07_work_allocations" name="test_create_wa_pmo" time="0.367" /><testcase classname="backend.tests.test_s1_05_07_work_allocations" name="test_create_wa_viewer_forbidden" time="0.267" /><testcase classname="backend.tests.test_s1_05_07_work_allocations" name="test_team_consumption" time="0.048" /><testcase classname="backend.tests.test_s1_05_07_work_allocations" name="test_team_consumption_unknown_project" time="0.023" /><testcase classname="backend.tests.test_s1_05_07_work_allocations" name="test_raf" time="0.048" /><testcase classname="backend.tests.test_s1_05_07_work_allocations" name="test_raf_unknown_project" time="0.023" /><testcase classname="backend.tests.test_s1_05_07_work_allocations" name="test_raf_viewer" time="0.299" /></testsuite></testsuites>