<?xml version="1.0" encoding="utf-8"?><testsuites name="pytest tests"><testsuite name="pytest" errors="0" failures="0" skipped="0" tests="6" time="2.050" timestamp="2026-04-21T14:23:18.694458+00:00" hostname="agent-env-3e3bc150-8ec2-431a-bef0-ce3509db545e"><testcase classname="backend.tests.test_s2_roadmap.TestRoadmapDataAPIs" name="test_projects_list" time="0.571" /><testcase classname="backend.tests.test_s2_roadmap.TestRoadmapDataAPIs" name="test_programs_list" time="0.052" /><testcase classname="backend.tests.test_s2_roadmap.TestRoadmapDataAPIs" name="test_milestones_list" time="0.048" /><testcase classname="backend.tests.test_s2_roadmap.TestExportCopilWithRoadmap" name="test_export_copil_without_roadmap" time="0.427" /><testcase classname="backend.tests.test_s2_roadmap.TestExportCopilWithRoadmap" name="test_export_copil_with_roadmap" time="0.492" /><testcase classname="backend.tests.test_s2_roadmap.TestExportCopilWithRoadmap" name="test_export_copil_include_roadmap_schema" time="0.351" /></testsuite></testsuites>