<?xml version="1.0" encoding="utf-8"?><testsuites name="pytest tests"><testsuite name="pytest" errors="0" failures="0" skipped="0" tests="16" time="4.507" timestamp="2026-04-21T15:52:19.038074+00:00" hostname="agent-env-3e3bc150-8ec2-431a-bef0-ce3509db545e"><testcase classname="backend.tests.test_s3_timesheets.TestResources" name="test_realistic_resource_names" time="0.523" /><testcase classname="backend.tests.test_s3_timesheets.TestResources" name="test_no_parasite_teams" time="0.143" /><testcase classname="backend.tests.test_s3_timesheets.TestTimesheetGrid" name="test_get_grid_returns_200" time="0.294" /><testcase classname="backend.tests.test_s3_timesheets.TestTimesheetGrid" name="test_grid_daily_cap_reasonable" time="0.156" /><testcase classname="backend.tests.test_s3_timesheets.TestTimesheetEntry" name="test_upsert_entry" time="0.445" /><testcase classname="backend.tests.test_s3_timesheets.TestSubmitWeek" name="test_submit_week" time="0.514" /><testcase classname="backend.tests.test_s3_timesheets.TestValidation" name="test_pending_count_admin" time="0.116" /><testcase classname="backend.tests.test_s3_timesheets.TestValidation" name="test_pending_count_positive" time="0.131" /><testcase classname="backend.tests.test_s3_timesheets.TestValidation" name="test_viewer_can_get_pending_count" time="0.460" /><testcase classname="backend.tests.test_s3_timesheets.TestValidation" name="test_get_validation_view" time="0.132" /><testcase classname="backend.tests.test_s3_timesheets.TestValidation" name="test_validate_timesheets" time="0.277" /><testcase classname="backend.tests.test_s3_timesheets.TestValidation" name="test_reject_timesheets" time="0.581" /><testcase classname="backend.tests.test_s3_timesheets.TestConsumedMd" name="test_consumed_md_updated_after_validation" time="0.253" /><testcase classname="backend.tests.test_s3_timesheets.TestReports" name="test_report_by_resource" time="0.122" /><testcase classname="backend.tests.test_s3_timesheets.TestReports" name="test_report_by_project" time="0.150" /><testcase classname="backend.tests.test_s3_timesheets.TestReports" name="test_report_csv_download" time="0.121" /></testsuite></testsuites>