<?xml version="1.0" encoding="utf-8"?><testsuites name="pytest tests"><testsuite name="pytest" errors="0" failures="0" skipped="0" tests="14" time="3.357" timestamp="2026-04-21T17:38:26.526485+00:00" hostname="agent-env-3e3bc150-8ec2-431a-bef0-ce3509db545e"><testcase classname="backend.tests.test_timesheets_workflow" name="test_view_valideur_admin" time="0.692" /><testcase classname="backend.tests.test_timesheets_workflow" name="test_view_valideur_pmo" time="0.505" /><testcase classname="backend.tests.test_timesheets_workflow" name="test_view_cp_admin" time="0.132" /><testcase classname="backend.tests.test_timesheets_workflow" name="test_view_cp_pmo" time="0.134" /><testcase classname="backend.tests.test_timesheets_workflow" name="test_view_pmo_admin" time="0.116" /><testcase classname="backend.tests.test_timesheets_workflow" name="test_view_pmo_pmouser" time="0.142" /><testcase classname="backend.tests.test_timesheets_workflow" name="test_view_invalid" time="0.118" /><testcase classname="backend.tests.test_timesheets_workflow" name="test_pending_count_admin" time="0.123" /><testcase classname="backend.tests.test_timesheets_workflow" name="test_pending_count_pmo" time="0.120" /><testcase classname="backend.tests.test_timesheets_workflow" name="test_reject_no_reason" time="0.142" /><testcase classname="backend.tests.test_timesheets_workflow" name="test_validate_valideur_admin" time="0.286" /><testcase classname="backend.tests.test_timesheets_workflow" name="test_validate_cp_admin" time="0.239" /><testcase classname="backend.tests.test_timesheets_workflow" name="test_validate_pmo_bypass" time="0.253" /><testcase classname="backend.tests.test_timesheets_workflow" name="test_reject_timesheets" time="0.284" /></testsuite></testsuites>