<?xml version="1.0" encoding="utf-8"?><testsuites name="pytest tests"><testsuite name="pytest" errors="0" failures="0" skipped="0" tests="14" time="3.271" timestamp="2026-04-21T16:53:06.978557+00:00" hostname="agent-env-3e3bc150-8ec2-431a-bef0-ce3509db545e"><testcase classname="backend.tests.test_milestones_deps.TestMilestonesGET" name="test_list_milestones_by_project" time="0.770" /><testcase classname="backend.tests.test_milestones_deps.TestMilestonesGET" name="test_milestone_fields_enriched" time="0.159" /><testcase classname="backend.tests.test_milestones_deps.TestMilestonesGET" name="test_list_all_milestones_no_project_id" time="0.131" /><testcase classname="backend.tests.test_milestones_deps.TestMilestonesCRUD" name="test_create_milestone_epic_milestone" time="0.184" /><testcase classname="backend.tests.test_milestones_deps.TestMilestonesCRUD" name="test_create_milestone_transversal_types" time="0.252" /><testcase classname="backend.tests.test_milestones_deps.TestMilestonesCRUD" name="test_create_milestone_invalid_type_for_family" time="0.110" /><testcase classname="backend.tests.test_milestones_deps.TestMilestonesCRUD" name="test_update_milestone_family_type" time="0.156" /><testcase classname="backend.tests.test_milestones_deps.TestMilestonesCRUD" name="test_delete_milestone" time="0.123" /><testcase classname="backend.tests.test_milestones_deps.TestMilestonesCRUD" name="test_viewer_cannot_create_milestone" time="0.456" /><testcase classname="backend.tests.test_milestones_deps.TestProjectDependencies" name="test_get_deps_all" time="0.184" /><testcase classname="backend.tests.test_milestones_deps.TestProjectDependencies" name="test_get_deps_by_project" time="0.115" /><testcase classname="backend.tests.test_milestones_deps.TestProjectDependencies" name="test_create_dependency" time="0.290" /><testcase classname="backend.tests.test_milestones_deps.TestProjectDependencies" name="test_delete_dependency" time="0.159" /><testcase classname="backend.tests.test_milestones_deps.TestProjectDependencies" name="test_viewer_cannot_create_dependency" time="0.113" /></testsuite></testsuites>