<?xml version="1.0" encoding="utf-8"?><testsuites name="pytest tests"><testsuite name="pytest" errors="0" failures="0" skipped="0" tests="15" time="5.009" timestamp="2026-04-22T14:00:22.142401+00:00" hostname="agent-env-3e3bc150-8ec2-431a-bef0-ce3509db545e"><testcase classname="backend.tests.test_safe_chantier3.TestTrains" name="test_list_trains_returns_one_train" time="0.495" /><testcase classname="backend.tests.test_safe_chantier3.TestTrains" name="test_train_has_pi_count" time="0.124" /><testcase classname="backend.tests.test_safe_chantier3.TestTrains" name="test_train_has_team_ids" time="0.111" /><testcase classname="backend.tests.test_safe_chantier3.TestPIs" name="test_list_pis_for_train" time="0.335" /><testcase classname="backend.tests.test_safe_chantier3.TestPIs" name="test_pi_names_contain_2026" time="0.232" /><testcase classname="backend.tests.test_safe_chantier3.TestSprints" name="test_list_sprints_for_pi1" time="0.352" /><testcase classname="backend.tests.test_safe_chantier3.TestSprints" name="test_sprints_completed_status" time="0.374" /><testcase classname="backend.tests.test_safe_chantier3.TestCapabilities" name="test_list_capabilities_for_train" time="0.271" /><testcase classname="backend.tests.test_safe_chantier3.TestCapabilities" name="test_capability_names" time="0.273" /><testcase classname="backend.tests.test_safe_chantier3.TestTrainOverview" name="test_overview_summary" time="0.233" /><testcase classname="backend.tests.test_safe_chantier3.TestCapabilityCRUD" name="test_create_and_delete_capability" time="0.452" /><testcase classname="backend.tests.test_safe_chantier3.TestTaskHierarchy" name="test_phoenix_tasks_have_safe_levels" time="0.255" /><testcase classname="backend.tests.test_safe_chantier3.TestPhaseTransitions" name="test_valid_transition_backlog_to_review" time="0.425" /><testcase classname="backend.tests.test_safe_chantier3.TestPhaseTransitions" name="test_invalid_transition_returns_422" time="0.451" /><testcase classname="backend.tests.test_safe_chantier3.TestPhaseTransitions" name="test_phase_history_after_transition" time="0.572" /></testsuite></testsuites>