<?xml version="1.0" encoding="utf-8"?><testsuites name="pytest tests"><testsuite name="pytest" errors="0" failures="0" skipped="0" tests="52" time="8.168" timestamp="2026-04-21T10:27:08.928700+00:00" hostname="agent-env-3e3bc150-8ec2-431a-bef0-ce3509db545e"><testcase classname="backend.tests.test_sprint0_modular.TestAuth" name="test_login_admin" time="0.460" /><testcase classname="backend.tests.test_sprint0_modular.TestAuth" name="test_login_pmo" time="0.327" /><testcase classname="backend.tests.test_sprint0_modular.TestAuth" name="test_login_viewer" time="0.323" /><testcase classname="backend.tests.test_sprint0_modular.TestAuth" name="test_login_invalid" time="0.104" /><testcase classname="backend.tests.test_sprint0_modular.TestAuth" name="test_me_admin" time="0.434" /><testcase classname="backend.tests.test_sprint0_modular.TestAuth" name="test_me_viewer" time="0.428" /><testcase classname="backend.tests.test_sprint0_modular.TestProjects" name="test_list_projects_admin" time="0.099" /><testcase classname="backend.tests.test_sprint0_modular.TestProjects" name="test_create_project_pmo" time="0.409" /><testcase classname="backend.tests.test_sprint0_modular.TestProjects" name="test_update_project_pmo" time="0.142" /><testcase classname="backend.tests.test_sprint0_modular.TestProjects" name="test_create_project_viewer_403" time="0.091" /><testcase classname="backend.tests.test_sprint0_modular.TestProjects" name="test_delete_project_pmo_403" time="0.112" /><testcase classname="backend.tests.test_sprint0_modular.TestProjects" name="test_delete_project_admin" time="0.097" /><testcase classname="backend.tests.test_sprint0_modular.TestProjects" name="test_budget_revision" time="0.220" /><testcase classname="backend.tests.test_sprint0_modular.TestPrograms" name="test_list_programs" time="0.103" /><testcase classname="backend.tests.test_sprint0_modular.TestPrograms" name="test_get_program_detail" time="0.224" /><testcase classname="backend.tests.test_sprint0_modular.TestPrograms" name="test_create_program_pmo" time="0.112" /><testcase classname="backend.tests.test_sprint0_modular.TestPrograms" name="test_update_program" time="0.100" /><testcase classname="backend.tests.test_sprint0_modular.TestPrograms" name="test_delete_program" time="0.105" /><testcase classname="backend.tests.test_sprint0_modular.TestResources" name="test_list_resources" time="0.100" /><testcase classname="backend.tests.test_sprint0_modular.TestResources" name="test_create_resource" time="0.099" /><testcase classname="backend.tests.test_sprint0_modular.TestResources" name="test_update_resource" time="0.114" /><testcase classname="backend.tests.test_sprint0_modular.TestResources" name="test_delete_resource" time="0.102" /><testcase classname="backend.tests.test_sprint0_modular.TestTasks" name="test_list_tasks" time="0.104" /><testcase classname="backend.tests.test_sprint0_modular.TestTasks" name="test_create_task" time="0.206" /><testcase classname="backend.tests.test_sprint0_modular.TestTasks" name="test_update_task" time="0.099" /><testcase classname="backend.tests.test_sprint0_modular.TestTasks" name="test_delete_task" time="0.102" /><testcase classname="backend.tests.test_sprint0_modular.TestRisks" name="test_list_risks" time="0.110" /><testcase classname="backend.tests.test_sprint0_modular.TestRisks" name="test_create_risk_criticality" time="0.238" /><testcase classname="backend.tests.test_sprint0_modular.TestRisks" name="test_update_risk" time="0.097" /><testcase classname="backend.tests.test_sprint0_modular.TestRisks" name="test_delete_risk_pmo_403" time="0.099" /><testcase classname="backend.tests.test_sprint0_modular.TestRisks" name="test_delete_risk_admin" time="0.104" /><testcase classname="backend.tests.test_sprint0_modular.TestDecisions" name="test_list_decisions" time="0.099" /><testcase classname="backend.tests.test_sprint0_modular.TestDecisions" name="test_create_decision" time="0.208" /><testcase classname="backend.tests.test_sprint0_modular.TestDecisions" name="test_update_decision" time="0.105" /><testcase classname="backend.tests.test_sprint0_modular.TestDecisions" name="test_delete_decision_pmo_403" time="0.094" /><testcase classname="backend.tests.test_sprint0_modular.TestDecisions" name="test_delete_decision_admin" time="0.096" /><testcase classname="backend.tests.test_sprint0_modular.TestDashboard" name="test_summary" time="0.117" /><testcase classname="backend.tests.test_sprint0_modular.TestDashboard" name="test_top_risks" time="0.098" /><testcase classname="backend.tests.test_sprint0_modular.TestDashboard" name="test_heatmap_risks" time="0.100" /><testcase classname="backend.tests.test_sprint0_modular.TestGovernance" name="test_list_governance" time="0.109" /><testcase classname="backend.tests.test_sprint0_modular.TestAllocations" name="test_list_allocations" time="0.098" /><testcase classname="backend.tests.test_sprint0_modular.TestMilestones" name="test_list_milestones" time="0.107" /><testcase classname="backend.tests.test_sprint0_modular.TestTenant" name="test_get_settings" time="0.104" /><testcase classname="backend.tests.test_sprint0_modular.TestTenant" name="test_put_settings_admin" time="0.104" /><testcase classname="backend.tests.test_sprint0_modular.TestTenant" name="test_put_settings_viewer_403" time="0.095" /><testcase classname="backend.tests.test_sprint0_modular.TestImportExport" name="test_import_template_projects" time="0.100" /><testcase classname="backend.tests.test_sprint0_modular.TestImportExport" name="test_export_copil" time="0.454" /><testcase classname="backend.tests.test_sprint0_modular.TestRBACGlobal" name="test_viewer_post_project" time="0.093" /><testcase classname="backend.tests.test_sprint0_modular.TestRBACGlobal" name="test_viewer_post_resource" time="0.104" /><testcase classname="backend.tests.test_sprint0_modular.TestRBACGlobal" name="test_viewer_post_task" time="0.091" /><testcase classname="backend.tests.test_sprint0_modular.TestRBACGlobal" name="test_viewer_post_risk" time="0.122" /><testcase classname="backend.tests.test_sprint0_modular.TestRBACGlobal" name="test_viewer_post_decision" time="0.099" /></testsuite></testsuites>