<?xml version="1.0" encoding="utf-8"?><testsuites name="pytest tests"><testsuite name="pytest" errors="0" failures="0" skipped="0" tests="17" time="3.634" timestamp="2026-08-05T12:26:09.129425+00:00" hostname="agent-env-3e3bc150-8ec2-431a-bef0-ce3509db545e"><testcase classname="tests.test_sso_flows.TestAuthRegression" name="test_health" time="0.196" /><testcase classname="tests.test_sso_flows.TestAuthRegression" name="test_login_success" time="0.345" /><testcase classname="tests.test_sso_flows.TestAuthRegression" name="test_login_bad_password" time="0.343" /><testcase classname="tests.test_sso_flows.TestAuthRegression" name="test_login_unknown_email" time="0.123" /><testcase classname="tests.test_sso_flows.TestSSOConfig" name="test_providers_empty_initially" time="0.117" /><testcase classname="tests.test_sso_flows.TestSSOConfig" name="test_configure_all_providers" time="0.572" /><testcase classname="tests.test_sso_flows.TestSSOConfig" name="test_providers_after_config" time="0.123" /><testcase classname="tests.test_sso_flows.TestSSORedirects" name="test_google_redirect" time="0.187" /><testcase classname="tests.test_sso_flows.TestSSORedirects" name="test_entra_redirect" time="0.300" /><testcase classname="tests.test_sso_flows.TestSSORedirects" name="test_saml_redirect" time="0.227" /><testcase classname="tests.test_sso_flows.TestSSOErrors" name="test_unknown_email" time="0.117" /><testcase classname="tests.test_sso_flows.TestSSOErrors" name="test_bad_provider" time="0.124" /><testcase classname="tests.test_sso_flows.TestSSOErrors" name="test_callback_invalid_state" time="0.131" /><testcase classname="tests.test_sso_flows.TestSSOErrors" name="test_exchange_invalid" time="0.124" /><testcase classname="tests.test_sso_flows.TestSAMLMetadata" name="test_metadata_xml" time="0.281" /><testcase classname="tests.test_sso_flows.TestZZZCleanup" name="test_cleanup_sso_config" time="0.117" /><testcase classname="tests.test_sso_flows.TestZZZCleanup" name="test_providers_empty_after_cleanup" time="0.127" /></testsuite></testsuites>