<?xml version="1.0" encoding="utf-8"?><testsuites name="pytest tests"><testsuite name="pytest" errors="0" failures="0" skipped="0" tests="16" time="2.972" timestamp="2026-05-27T09:57:38.774321+00:00" hostname="agent-env-3e3bc150-8ec2-431a-bef0-ce3509db545e"><testcase classname="tests.test_status_report_templates.TestProjectTemplates" name="test_list_templates_admin" time="0.513" /><testcase classname="tests.test_status_report_templates.TestProjectTemplates" name="test_list_templates_has_3_defaults" time="0.115" /><testcase classname="tests.test_status_report_templates.TestProjectTemplates" name="test_templates_have_phases" time="0.097" /><testcase classname="tests.test_status_report_templates.TestProjectTemplates" name="test_waterfall_has_6_phases" time="0.098" /><testcase classname="tests.test_status_report_templates.TestProjectTemplates" name="test_agile_has_5_phases" time="0.104" /><testcase classname="tests.test_status_report_templates.TestProjectTemplates" name="test_safe_has_4_phases" time="0.103" /><testcase classname="tests.test_status_report_templates.TestProjectTemplates" name="test_apply_template" time="0.332" /><testcase classname="tests.test_status_report_templates.TestProjectTemplates" name="test_apply_template_without_id_returns_400" time="0.103" /><testcase classname="tests.test_status_report_templates.TestStatusReportWeather" name="test_weather_admin" time="0.110" /><testcase classname="tests.test_status_report_templates.TestStatusReportWeather" name="test_weather_has_4_indicators" time="0.114" /><testcase classname="tests.test_status_report_templates.TestStatusReportWeather" name="test_weather_cp_has_access" time="0.424" /><testcase classname="tests.test_status_report_templates.TestStatusReportWeather" name="test_weather_no_auth_returns_401_or_403" time="0.122" /><testcase classname="tests.test_status_report_templates.TestStatusReportGeneration" name="test_generate_ppt_admin" time="0.189" /><testcase classname="tests.test_status_report_templates.TestStatusReportGeneration" name="test_generate_ppt_with_overrides" time="0.183" /><testcase classname="tests.test_status_report_templates.TestStatusReportGeneration" name="test_generate_ppt_cp_has_access" time="0.183" /><testcase classname="tests.test_status_report_templates.TestStatusReportGeneration" name="test_generate_ppt_no_auth_returns_401_or_403" time="0.112" /></testsuite></testsuites>