<?xml version="1.0" encoding="utf-8"?><testsuites name="pytest tests"><testsuite name="pytest" errors="0" failures="0" skipped="0" tests="7" time="2.504" timestamp="2026-04-21T14:05:33.061198+00:00" hostname="agent-env-3e3bc150-8ec2-431a-bef0-ce3509db545e"><testcase classname="backend.tests.test_stream2.TestCapacityAlerts" name="test_capacity_alerts_returns_200" time="0.603" /><testcase classname="backend.tests.test_stream2.TestCapacityAlerts" name="test_capacity_alerts_is_list" time="0.139" /><testcase classname="backend.tests.test_stream2.TestCapacityAlerts" name="test_capacity_alerts_fields" time="0.107" /><testcase classname="backend.tests.test_stream2.TestCreateTeam" name="test_create_team" time="0.235" /><testcase classname="backend.tests.test_stream2.TestTaskDependencies" name="test_create_task_with_dependencies" time="0.524" /><testcase classname="backend.tests.test_stream2.TestTaskDependencies" name="test_cycle_detection_returns_422" time="0.618" /><testcase classname="backend.tests.test_stream2.TestTaskDependencies" name="test_list_tasks_includes_dependencies_field" time="0.167" /></testsuite></testsuites>