<?xml version="1.0" encoding="utf-8"?><testsuites name="pytest tests"><testsuite name="pytest" errors="0" failures="0" skipped="0" tests="8" time="1.710" timestamp="2026-04-21T14:48:32.662443+00:00" hostname="agent-env-3e3bc150-8ec2-431a-bef0-ce3509db545e"><testcase classname="backend.tests.test_team_detail.TestTeamDetailAPI" name="test_get_team_detail_200" time="0.625" /><testcase classname="backend.tests.test_team_detail.TestTeamDetailAPI" name="test_team_object_fields" time="0.156" /><testcase classname="backend.tests.test_team_detail.TestTeamDetailAPI" name="test_members_list" time="0.108" /><testcase classname="backend.tests.test_team_detail.TestTeamDetailAPI" name="test_project_allocations" time="0.116" /><testcase classname="backend.tests.test_team_detail.TestTeamDetailAPI" name="test_monthly_load_6_items" time="0.146" /><testcase classname="backend.tests.test_team_detail.TestTeamDetailAPI" name="test_team_detail_404_for_invalid_id" time="0.146" /><testcase classname="backend.tests.test_team_detail.TestTeamDetailAPI" name="test_special_routes_not_conflicting" time="0.235" /><testcase classname="backend.tests.test_team_detail.TestTeamDetailAPI" name="test_list_teams_no_conflict" time="0.114" /></testsuite></testsuites>